[2025-01-23T14:52:58.741+0000] {processor.py:186} INFO - Started process (PID=22642) to work on /opt/airflow/dags/dbt_mart_creation.py
[2025-01-23T14:52:58.741+0000] {processor.py:914} INFO - Processing file /opt/airflow/dags/dbt_mart_creation.py for tasks to queue
[2025-01-23T14:52:58.744+0000] {logging_mixin.py:190} INFO - [2025-01-23T14:52:58.744+0000] {dagbag.py:588} INFO - Filling up the DagBag from /opt/airflow/dags/dbt_mart_creation.py
[2025-01-23T14:52:58.752+0000] {processor.py:925} INFO - DAG(s) 'dbt_mart_test_example' retrieved from /opt/airflow/dags/dbt_mart_creation.py
[2025-01-23T14:52:58.855+0000] {logging_mixin.py:190} INFO - [2025-01-23T14:52:58.854+0000] {override.py:1911} INFO - Created Permission View: can delete on DAG:dbt_mart_test_example
[2025-01-23T14:52:58.862+0000] {logging_mixin.py:190} INFO - [2025-01-23T14:52:58.862+0000] {override.py:1911} INFO - Created Permission View: can read on DAG:dbt_mart_test_example
[2025-01-23T14:52:58.866+0000] {logging_mixin.py:190} INFO - [2025-01-23T14:52:58.866+0000] {override.py:1911} INFO - Created Permission View: can edit on DAG:dbt_mart_test_example
[2025-01-23T14:52:58.870+0000] {logging_mixin.py:190} INFO - [2025-01-23T14:52:58.870+0000] {override.py:1911} INFO - Created Permission View: can delete on DAG Run:dbt_mart_test_example
[2025-01-23T14:52:58.873+0000] {logging_mixin.py:190} INFO - [2025-01-23T14:52:58.873+0000] {override.py:1911} INFO - Created Permission View: can read on DAG Run:dbt_mart_test_example
[2025-01-23T14:52:58.877+0000] {logging_mixin.py:190} INFO - [2025-01-23T14:52:58.877+0000] {override.py:1911} INFO - Created Permission View: can create on DAG Run:dbt_mart_test_example
[2025-01-23T14:52:58.880+0000] {logging_mixin.py:190} INFO - [2025-01-23T14:52:58.880+0000] {override.py:1911} INFO - Created Permission View: menu access on DAG Run:dbt_mart_test_example
[2025-01-23T14:52:58.881+0000] {logging_mixin.py:190} INFO - [2025-01-23T14:52:58.881+0000] {dag.py:3239} INFO - Sync 1 DAGs
[2025-01-23T14:52:58.890+0000] {logging_mixin.py:190} INFO - [2025-01-23T14:52:58.890+0000] {dag.py:3262} INFO - Creating ORM DAG for dbt_mart_test_example
[2025-01-23T14:52:58.898+0000] {logging_mixin.py:190} INFO - [2025-01-23T14:52:58.898+0000] {dag.py:4180} INFO - Setting next_dagrun for dbt_mart_test_example to 2025-01-22 00:00:00+00:00, run_after=2025-01-23 00:00:00+00:00
[2025-01-23T14:52:58.911+0000] {processor.py:208} INFO - Processing /opt/airflow/dags/dbt_mart_creation.py took 0.178 seconds
[2025-01-23T14:53:29.323+0000] {processor.py:186} INFO - Started process (PID=22652) to work on /opt/airflow/dags/dbt_mart_creation.py
[2025-01-23T14:53:29.327+0000] {processor.py:914} INFO - Processing file /opt/airflow/dags/dbt_mart_creation.py for tasks to queue
[2025-01-23T14:53:29.336+0000] {logging_mixin.py:190} INFO - [2025-01-23T14:53:29.336+0000] {dagbag.py:588} INFO - Filling up the DagBag from /opt/airflow/dags/dbt_mart_creation.py
[2025-01-23T14:53:29.356+0000] {processor.py:925} INFO - DAG(s) 'dbt_mart_test_example' retrieved from /opt/airflow/dags/dbt_mart_creation.py
[2025-01-23T14:53:29.379+0000] {logging_mixin.py:190} INFO - [2025-01-23T14:53:29.379+0000] {dag.py:3239} INFO - Sync 1 DAGs
[2025-01-23T14:53:29.400+0000] {logging_mixin.py:190} INFO - [2025-01-23T14:53:29.399+0000] {dag.py:4180} INFO - Setting next_dagrun for dbt_mart_test_example to 2025-01-22 00:00:00+00:00, run_after=2025-01-23 00:00:00+00:00
[2025-01-23T14:53:29.415+0000] {processor.py:208} INFO - Processing /opt/airflow/dags/dbt_mart_creation.py took 0.111 seconds
[2025-01-23T14:53:59.871+0000] {processor.py:186} INFO - Started process (PID=22662) to work on /opt/airflow/dags/dbt_mart_creation.py
[2025-01-23T14:53:59.873+0000] {processor.py:914} INFO - Processing file /opt/airflow/dags/dbt_mart_creation.py for tasks to queue
[2025-01-23T14:53:59.876+0000] {logging_mixin.py:190} INFO - [2025-01-23T14:53:59.876+0000] {dagbag.py:588} INFO - Filling up the DagBag from /opt/airflow/dags/dbt_mart_creation.py
[2025-01-23T14:53:59.889+0000] {processor.py:925} INFO - DAG(s) 'dbt_mart_test_example' retrieved from /opt/airflow/dags/dbt_mart_creation.py
[2025-01-23T14:53:59.909+0000] {logging_mixin.py:190} INFO - [2025-01-23T14:53:59.909+0000] {dag.py:3239} INFO - Sync 1 DAGs
[2025-01-23T14:53:59.921+0000] {logging_mixin.py:190} INFO - [2025-01-23T14:53:59.921+0000] {dag.py:4180} INFO - Setting next_dagrun for dbt_mart_test_example to 2025-01-22 00:00:00+00:00, run_after=2025-01-23 00:00:00+00:00
[2025-01-23T14:53:59.931+0000] {processor.py:208} INFO - Processing /opt/airflow/dags/dbt_mart_creation.py took 0.070 seconds
[2025-01-23T14:54:30.296+0000] {processor.py:186} INFO - Started process (PID=22672) to work on /opt/airflow/dags/dbt_mart_creation.py
[2025-01-23T14:54:30.297+0000] {processor.py:914} INFO - Processing file /opt/airflow/dags/dbt_mart_creation.py for tasks to queue
[2025-01-23T14:54:30.300+0000] {logging_mixin.py:190} INFO - [2025-01-23T14:54:30.300+0000] {dagbag.py:588} INFO - Filling up the DagBag from /opt/airflow/dags/dbt_mart_creation.py
[2025-01-23T14:54:30.315+0000] {processor.py:925} INFO - DAG(s) 'dbt_mart_test_example' retrieved from /opt/airflow/dags/dbt_mart_creation.py
[2025-01-23T14:54:30.341+0000] {logging_mixin.py:190} INFO - [2025-01-23T14:54:30.341+0000] {dag.py:3239} INFO - Sync 1 DAGs
[2025-01-23T14:54:30.357+0000] {logging_mixin.py:190} INFO - [2025-01-23T14:54:30.357+0000] {dag.py:4180} INFO - Setting next_dagrun for dbt_mart_test_example to 2025-01-22 00:00:00+00:00, run_after=2025-01-23 00:00:00+00:00
[2025-01-23T14:54:30.369+0000] {processor.py:208} INFO - Processing /opt/airflow/dags/dbt_mart_creation.py took 0.081 seconds
[2025-01-23T14:55:00.827+0000] {processor.py:186} INFO - Started process (PID=22682) to work on /opt/airflow/dags/dbt_mart_creation.py
[2025-01-23T14:55:00.828+0000] {processor.py:914} INFO - Processing file /opt/airflow/dags/dbt_mart_creation.py for tasks to queue
[2025-01-23T14:55:00.830+0000] {logging_mixin.py:190} INFO - [2025-01-23T14:55:00.830+0000] {dagbag.py:588} INFO - Filling up the DagBag from /opt/airflow/dags/dbt_mart_creation.py
[2025-01-23T14:55:00.841+0000] {processor.py:925} INFO - DAG(s) 'dbt_mart_test_example' retrieved from /opt/airflow/dags/dbt_mart_creation.py
[2025-01-23T14:55:00.858+0000] {logging_mixin.py:190} INFO - [2025-01-23T14:55:00.857+0000] {dag.py:3239} INFO - Sync 1 DAGs
[2025-01-23T14:55:00.870+0000] {logging_mixin.py:190} INFO - [2025-01-23T14:55:00.870+0000] {dag.py:4180} INFO - Setting next_dagrun for dbt_mart_test_example to 2025-01-22 00:00:00+00:00, run_after=2025-01-23 00:00:00+00:00
[2025-01-23T14:55:00.880+0000] {processor.py:208} INFO - Processing /opt/airflow/dags/dbt_mart_creation.py took 0.059 seconds
[2025-01-23T14:55:31.284+0000] {processor.py:186} INFO - Started process (PID=22692) to work on /opt/airflow/dags/dbt_mart_creation.py
[2025-01-23T14:55:31.285+0000] {processor.py:914} INFO - Processing file /opt/airflow/dags/dbt_mart_creation.py for tasks to queue
[2025-01-23T14:55:31.288+0000] {logging_mixin.py:190} INFO - [2025-01-23T14:55:31.288+0000] {dagbag.py:588} INFO - Filling up the DagBag from /opt/airflow/dags/dbt_mart_creation.py
[2025-01-23T14:55:31.298+0000] {processor.py:925} INFO - DAG(s) 'dbt_mart_test_example' retrieved from /opt/airflow/dags/dbt_mart_creation.py
[2025-01-23T14:55:31.325+0000] {logging_mixin.py:190} INFO - [2025-01-23T14:55:31.325+0000] {dag.py:3239} INFO - Sync 1 DAGs
[2025-01-23T14:55:31.338+0000] {logging_mixin.py:190} INFO - [2025-01-23T14:55:31.338+0000] {dag.py:4180} INFO - Setting next_dagrun for dbt_mart_test_example to 2025-01-22 00:00:00+00:00, run_after=2025-01-23 00:00:00+00:00
[2025-01-23T14:55:31.349+0000] {processor.py:208} INFO - Processing /opt/airflow/dags/dbt_mart_creation.py took 0.072 seconds
[2025-01-23T14:56:01.740+0000] {processor.py:186} INFO - Started process (PID=22702) to work on /opt/airflow/dags/dbt_mart_creation.py
[2025-01-23T14:56:01.741+0000] {processor.py:914} INFO - Processing file /opt/airflow/dags/dbt_mart_creation.py for tasks to queue
[2025-01-23T14:56:01.744+0000] {logging_mixin.py:190} INFO - [2025-01-23T14:56:01.744+0000] {dagbag.py:588} INFO - Filling up the DagBag from /opt/airflow/dags/dbt_mart_creation.py
[2025-01-23T14:56:01.753+0000] {processor.py:925} INFO - DAG(s) 'dbt_mart_test_example' retrieved from /opt/airflow/dags/dbt_mart_creation.py
[2025-01-23T14:56:01.786+0000] {logging_mixin.py:190} INFO - [2025-01-23T14:56:01.786+0000] {dag.py:3239} INFO - Sync 1 DAGs
[2025-01-23T14:56:01.803+0000] {logging_mixin.py:190} INFO - [2025-01-23T14:56:01.803+0000] {dag.py:4180} INFO - Setting next_dagrun for dbt_mart_test_example to 2025-01-22 00:00:00+00:00, run_after=2025-01-23 00:00:00+00:00
[2025-01-23T14:56:01.816+0000] {processor.py:208} INFO - Processing /opt/airflow/dags/dbt_mart_creation.py took 0.081 seconds
[2025-01-23T14:56:32.264+0000] {processor.py:186} INFO - Started process (PID=22712) to work on /opt/airflow/dags/dbt_mart_creation.py
[2025-01-23T14:56:32.265+0000] {processor.py:914} INFO - Processing file /opt/airflow/dags/dbt_mart_creation.py for tasks to queue
[2025-01-23T14:56:32.267+0000] {logging_mixin.py:190} INFO - [2025-01-23T14:56:32.267+0000] {dagbag.py:588} INFO - Filling up the DagBag from /opt/airflow/dags/dbt_mart_creation.py
[2025-01-23T14:56:32.277+0000] {processor.py:925} INFO - DAG(s) 'dbt_mart_test_example' retrieved from /opt/airflow/dags/dbt_mart_creation.py
[2025-01-23T14:56:32.301+0000] {logging_mixin.py:190} INFO - [2025-01-23T14:56:32.301+0000] {dag.py:3239} INFO - Sync 1 DAGs
[2025-01-23T14:56:32.323+0000] {logging_mixin.py:190} INFO - [2025-01-23T14:56:32.323+0000] {dag.py:4180} INFO - Setting next_dagrun for dbt_mart_test_example to 2025-01-22 00:00:00+00:00, run_after=2025-01-23 00:00:00+00:00
[2025-01-23T14:56:32.337+0000] {processor.py:208} INFO - Processing /opt/airflow/dags/dbt_mart_creation.py took 0.077 seconds
[2025-01-23T14:57:02.783+0000] {processor.py:186} INFO - Started process (PID=22722) to work on /opt/airflow/dags/dbt_mart_creation.py
[2025-01-23T14:57:02.784+0000] {processor.py:914} INFO - Processing file /opt/airflow/dags/dbt_mart_creation.py for tasks to queue
[2025-01-23T14:57:02.786+0000] {logging_mixin.py:190} INFO - [2025-01-23T14:57:02.786+0000] {dagbag.py:588} INFO - Filling up the DagBag from /opt/airflow/dags/dbt_mart_creation.py
[2025-01-23T14:57:02.794+0000] {processor.py:925} INFO - DAG(s) 'dbt_mart_test_example' retrieved from /opt/airflow/dags/dbt_mart_creation.py
[2025-01-23T14:57:02.811+0000] {logging_mixin.py:190} INFO - [2025-01-23T14:57:02.811+0000] {dag.py:3239} INFO - Sync 1 DAGs
[2025-01-23T14:57:02.825+0000] {logging_mixin.py:190} INFO - [2025-01-23T14:57:02.825+0000] {dag.py:4180} INFO - Setting next_dagrun for dbt_mart_test_example to 2025-01-22 00:00:00+00:00, run_after=2025-01-23 00:00:00+00:00
[2025-01-23T14:57:02.837+0000] {processor.py:208} INFO - Processing /opt/airflow/dags/dbt_mart_creation.py took 0.059 seconds
[2025-01-23T14:57:33.254+0000] {processor.py:186} INFO - Started process (PID=22737) to work on /opt/airflow/dags/dbt_mart_creation.py
[2025-01-23T14:57:33.255+0000] {processor.py:914} INFO - Processing file /opt/airflow/dags/dbt_mart_creation.py for tasks to queue
[2025-01-23T14:57:33.256+0000] {logging_mixin.py:190} INFO - [2025-01-23T14:57:33.256+0000] {dagbag.py:588} INFO - Filling up the DagBag from /opt/airflow/dags/dbt_mart_creation.py
[2025-01-23T14:57:33.263+0000] {processor.py:925} INFO - DAG(s) 'dbt_mart_test_example' retrieved from /opt/airflow/dags/dbt_mart_creation.py
[2025-01-23T14:57:33.276+0000] {logging_mixin.py:190} INFO - [2025-01-23T14:57:33.276+0000] {dag.py:3239} INFO - Sync 1 DAGs
[2025-01-23T14:57:33.287+0000] {logging_mixin.py:190} INFO - [2025-01-23T14:57:33.287+0000] {dag.py:4180} INFO - Setting next_dagrun for dbt_mart_test_example to 2025-01-22 00:00:00+00:00, run_after=2025-01-23 00:00:00+00:00
[2025-01-23T14:57:33.298+0000] {processor.py:208} INFO - Processing /opt/airflow/dags/dbt_mart_creation.py took 0.047 seconds
[2025-01-23T14:58:03.664+0000] {processor.py:186} INFO - Started process (PID=22747) to work on /opt/airflow/dags/dbt_mart_creation.py
[2025-01-23T14:58:03.665+0000] {processor.py:914} INFO - Processing file /opt/airflow/dags/dbt_mart_creation.py for tasks to queue
[2025-01-23T14:58:03.669+0000] {logging_mixin.py:190} INFO - [2025-01-23T14:58:03.669+0000] {dagbag.py:588} INFO - Filling up the DagBag from /opt/airflow/dags/dbt_mart_creation.py
[2025-01-23T14:58:03.704+0000] {processor.py:925} INFO - DAG(s) 'dbt_mart_test_example' retrieved from /opt/airflow/dags/dbt_mart_creation.py
[2025-01-23T14:58:03.764+0000] {logging_mixin.py:190} INFO - [2025-01-23T14:58:03.764+0000] {dag.py:3239} INFO - Sync 1 DAGs
[2025-01-23T14:58:03.812+0000] {logging_mixin.py:190} INFO - [2025-01-23T14:58:03.812+0000] {dag.py:4180} INFO - Setting next_dagrun for dbt_mart_test_example to 2025-01-22 00:00:00+00:00, run_after=2025-01-23 00:00:00+00:00
[2025-01-23T14:58:03.829+0000] {processor.py:208} INFO - Processing /opt/airflow/dags/dbt_mart_creation.py took 0.175 seconds
[2025-01-23T14:58:34.268+0000] {processor.py:186} INFO - Started process (PID=22757) to work on /opt/airflow/dags/dbt_mart_creation.py
[2025-01-23T14:58:34.269+0000] {processor.py:914} INFO - Processing file /opt/airflow/dags/dbt_mart_creation.py for tasks to queue
[2025-01-23T14:58:34.271+0000] {logging_mixin.py:190} INFO - [2025-01-23T14:58:34.270+0000] {dagbag.py:588} INFO - Filling up the DagBag from /opt/airflow/dags/dbt_mart_creation.py
[2025-01-23T14:58:34.278+0000] {processor.py:925} INFO - DAG(s) 'dbt_mart_test_example' retrieved from /opt/airflow/dags/dbt_mart_creation.py
[2025-01-23T14:58:34.297+0000] {logging_mixin.py:190} INFO - [2025-01-23T14:58:34.296+0000] {dag.py:3239} INFO - Sync 1 DAGs
[2025-01-23T14:58:34.309+0000] {logging_mixin.py:190} INFO - [2025-01-23T14:58:34.309+0000] {dag.py:4180} INFO - Setting next_dagrun for dbt_mart_test_example to 2025-01-22 00:00:00+00:00, run_after=2025-01-23 00:00:00+00:00
[2025-01-23T14:58:34.321+0000] {processor.py:208} INFO - Processing /opt/airflow/dags/dbt_mart_creation.py took 0.059 seconds
[2025-01-23T14:59:04.680+0000] {processor.py:186} INFO - Started process (PID=22767) to work on /opt/airflow/dags/dbt_mart_creation.py
[2025-01-23T14:59:04.686+0000] {processor.py:914} INFO - Processing file /opt/airflow/dags/dbt_mart_creation.py for tasks to queue
[2025-01-23T14:59:04.701+0000] {logging_mixin.py:190} INFO - [2025-01-23T14:59:04.700+0000] {dagbag.py:588} INFO - Filling up the DagBag from /opt/airflow/dags/dbt_mart_creation.py
[2025-01-23T14:59:04.721+0000] {processor.py:925} INFO - DAG(s) 'dbt_mart_test_example' retrieved from /opt/airflow/dags/dbt_mart_creation.py
[2025-01-23T14:59:04.748+0000] {logging_mixin.py:190} INFO - [2025-01-23T14:59:04.748+0000] {dag.py:3239} INFO - Sync 1 DAGs
[2025-01-23T14:59:04.768+0000] {logging_mixin.py:190} INFO - [2025-01-23T14:59:04.768+0000] {dag.py:4180} INFO - Setting next_dagrun for dbt_mart_test_example to 2025-01-22 00:00:00+00:00, run_after=2025-01-23 00:00:00+00:00
[2025-01-23T14:59:04.781+0000] {processor.py:208} INFO - Processing /opt/airflow/dags/dbt_mart_creation.py took 0.115 seconds
[2025-01-23T14:59:35.108+0000] {processor.py:186} INFO - Started process (PID=22777) to work on /opt/airflow/dags/dbt_mart_creation.py
[2025-01-23T14:59:35.109+0000] {processor.py:914} INFO - Processing file /opt/airflow/dags/dbt_mart_creation.py for tasks to queue
[2025-01-23T14:59:35.112+0000] {logging_mixin.py:190} INFO - [2025-01-23T14:59:35.112+0000] {dagbag.py:588} INFO - Filling up the DagBag from /opt/airflow/dags/dbt_mart_creation.py
[2025-01-23T14:59:35.125+0000] {processor.py:925} INFO - DAG(s) 'dbt_mart_test_example' retrieved from /opt/airflow/dags/dbt_mart_creation.py
[2025-01-23T14:59:35.163+0000] {logging_mixin.py:190} INFO - [2025-01-23T14:59:35.163+0000] {dag.py:3239} INFO - Sync 1 DAGs
[2025-01-23T14:59:35.182+0000] {logging_mixin.py:190} INFO - [2025-01-23T14:59:35.181+0000] {dag.py:4180} INFO - Setting next_dagrun for dbt_mart_test_example to 2025-01-22 00:00:00+00:00, run_after=2025-01-23 00:00:00+00:00
[2025-01-23T14:59:35.196+0000] {processor.py:208} INFO - Processing /opt/airflow/dags/dbt_mart_creation.py took 0.098 seconds
[2025-01-23T15:00:05.538+0000] {processor.py:186} INFO - Started process (PID=22787) to work on /opt/airflow/dags/dbt_mart_creation.py
[2025-01-23T15:00:05.539+0000] {processor.py:914} INFO - Processing file /opt/airflow/dags/dbt_mart_creation.py for tasks to queue
[2025-01-23T15:00:05.542+0000] {logging_mixin.py:190} INFO - [2025-01-23T15:00:05.541+0000] {dagbag.py:588} INFO - Filling up the DagBag from /opt/airflow/dags/dbt_mart_creation.py
[2025-01-23T15:00:05.551+0000] {processor.py:925} INFO - DAG(s) 'dbt_mart_test_example' retrieved from /opt/airflow/dags/dbt_mart_creation.py
[2025-01-23T15:00:05.570+0000] {logging_mixin.py:190} INFO - [2025-01-23T15:00:05.570+0000] {dag.py:3239} INFO - Sync 1 DAGs
[2025-01-23T15:00:05.584+0000] {logging_mixin.py:190} INFO - [2025-01-23T15:00:05.584+0000] {dag.py:4180} INFO - Setting next_dagrun for dbt_mart_test_example to 2025-01-22 00:00:00+00:00, run_after=2025-01-23 00:00:00+00:00
[2025-01-23T15:00:05.595+0000] {processor.py:208} INFO - Processing /opt/airflow/dags/dbt_mart_creation.py took 0.062 seconds
[2025-01-23T15:00:35.902+0000] {processor.py:186} INFO - Started process (PID=22797) to work on /opt/airflow/dags/dbt_mart_creation.py
[2025-01-23T15:00:35.903+0000] {processor.py:914} INFO - Processing file /opt/airflow/dags/dbt_mart_creation.py for tasks to queue
[2025-01-23T15:00:35.904+0000] {logging_mixin.py:190} INFO - [2025-01-23T15:00:35.904+0000] {dagbag.py:588} INFO - Filling up the DagBag from /opt/airflow/dags/dbt_mart_creation.py
[2025-01-23T15:00:35.913+0000] {processor.py:925} INFO - DAG(s) 'dbt_mart_test_example' retrieved from /opt/airflow/dags/dbt_mart_creation.py
[2025-01-23T15:00:35.937+0000] {logging_mixin.py:190} INFO - [2025-01-23T15:00:35.936+0000] {dag.py:3239} INFO - Sync 1 DAGs
[2025-01-23T15:00:35.954+0000] {logging_mixin.py:190} INFO - [2025-01-23T15:00:35.954+0000] {dag.py:4180} INFO - Setting next_dagrun for dbt_mart_test_example to 2025-01-22 00:00:00+00:00, run_after=2025-01-23 00:00:00+00:00
[2025-01-23T15:00:35.966+0000] {processor.py:208} INFO - Processing /opt/airflow/dags/dbt_mart_creation.py took 0.068 seconds
[2025-01-23T15:01:06.342+0000] {processor.py:186} INFO - Started process (PID=22807) to work on /opt/airflow/dags/dbt_mart_creation.py
[2025-01-23T15:01:06.344+0000] {processor.py:914} INFO - Processing file /opt/airflow/dags/dbt_mart_creation.py for tasks to queue
[2025-01-23T15:01:06.347+0000] {logging_mixin.py:190} INFO - [2025-01-23T15:01:06.346+0000] {dagbag.py:588} INFO - Filling up the DagBag from /opt/airflow/dags/dbt_mart_creation.py
[2025-01-23T15:01:06.366+0000] {processor.py:925} INFO - DAG(s) 'dbt_mart_test_example' retrieved from /opt/airflow/dags/dbt_mart_creation.py
[2025-01-23T15:01:06.392+0000] {logging_mixin.py:190} INFO - [2025-01-23T15:01:06.392+0000] {dag.py:3239} INFO - Sync 1 DAGs
[2025-01-23T15:01:06.408+0000] {logging_mixin.py:190} INFO - [2025-01-23T15:01:06.408+0000] {dag.py:4180} INFO - Setting next_dagrun for dbt_mart_test_example to 2025-01-22 00:00:00+00:00, run_after=2025-01-23 00:00:00+00:00
[2025-01-23T15:01:06.420+0000] {processor.py:208} INFO - Processing /opt/airflow/dags/dbt_mart_creation.py took 0.086 seconds
[2025-01-23T15:01:36.968+0000] {processor.py:186} INFO - Started process (PID=22817) to work on /opt/airflow/dags/dbt_mart_creation.py
[2025-01-23T15:01:36.970+0000] {processor.py:914} INFO - Processing file /opt/airflow/dags/dbt_mart_creation.py for tasks to queue
[2025-01-23T15:01:36.976+0000] {logging_mixin.py:190} INFO - [2025-01-23T15:01:36.975+0000] {dagbag.py:588} INFO - Filling up the DagBag from /opt/airflow/dags/dbt_mart_creation.py
[2025-01-23T15:01:37.022+0000] {processor.py:925} INFO - DAG(s) 'dbt_mart_test_example' retrieved from /opt/airflow/dags/dbt_mart_creation.py
[2025-01-23T15:01:37.069+0000] {logging_mixin.py:190} INFO - [2025-01-23T15:01:37.069+0000] {dag.py:3239} INFO - Sync 1 DAGs
[2025-01-23T15:01:37.131+0000] {logging_mixin.py:190} INFO - [2025-01-23T15:01:37.131+0000] {dag.py:4180} INFO - Setting next_dagrun for dbt_mart_test_example to 2025-01-23 00:00:00+00:00, run_after=2025-01-24 00:00:00+00:00
[2025-01-23T15:01:37.172+0000] {processor.py:208} INFO - Processing /opt/airflow/dags/dbt_mart_creation.py took 0.227 seconds
[2025-01-23T15:02:07.458+0000] {processor.py:186} INFO - Started process (PID=22827) to work on /opt/airflow/dags/dbt_mart_creation.py
[2025-01-23T15:02:07.461+0000] {processor.py:914} INFO - Processing file /opt/airflow/dags/dbt_mart_creation.py for tasks to queue
[2025-01-23T15:02:07.465+0000] {logging_mixin.py:190} INFO - [2025-01-23T15:02:07.464+0000] {dagbag.py:588} INFO - Filling up the DagBag from /opt/airflow/dags/dbt_mart_creation.py
[2025-01-23T15:02:07.479+0000] {processor.py:925} INFO - DAG(s) 'dbt_mart_test_example' retrieved from /opt/airflow/dags/dbt_mart_creation.py
[2025-01-23T15:02:07.504+0000] {logging_mixin.py:190} INFO - [2025-01-23T15:02:07.503+0000] {dag.py:3239} INFO - Sync 1 DAGs
[2025-01-23T15:02:07.516+0000] {logging_mixin.py:190} INFO - [2025-01-23T15:02:07.516+0000] {dag.py:4180} INFO - Setting next_dagrun for dbt_mart_test_example to 2025-01-23 00:00:00+00:00, run_after=2025-01-24 00:00:00+00:00
[2025-01-23T15:02:07.526+0000] {processor.py:208} INFO - Processing /opt/airflow/dags/dbt_mart_creation.py took 0.076 seconds
[2025-01-23T15:02:37.966+0000] {processor.py:186} INFO - Started process (PID=22837) to work on /opt/airflow/dags/dbt_mart_creation.py
[2025-01-23T15:02:37.969+0000] {processor.py:914} INFO - Processing file /opt/airflow/dags/dbt_mart_creation.py for tasks to queue
[2025-01-23T15:02:37.977+0000] {logging_mixin.py:190} INFO - [2025-01-23T15:02:37.977+0000] {dagbag.py:588} INFO - Filling up the DagBag from /opt/airflow/dags/dbt_mart_creation.py
[2025-01-23T15:02:37.990+0000] {processor.py:925} INFO - DAG(s) 'dbt_mart_test_example' retrieved from /opt/airflow/dags/dbt_mart_creation.py
[2025-01-23T15:02:38.019+0000] {logging_mixin.py:190} INFO - [2025-01-23T15:02:38.019+0000] {dag.py:3239} INFO - Sync 1 DAGs
[2025-01-23T15:02:38.045+0000] {logging_mixin.py:190} INFO - [2025-01-23T15:02:38.045+0000] {dag.py:4180} INFO - Setting next_dagrun for dbt_mart_test_example to 2025-01-23 00:00:00+00:00, run_after=2025-01-24 00:00:00+00:00
[2025-01-23T15:02:38.061+0000] {processor.py:208} INFO - Processing /opt/airflow/dags/dbt_mart_creation.py took 0.112 seconds
[2025-01-23T15:03:08.675+0000] {processor.py:186} INFO - Started process (PID=22847) to work on /opt/airflow/dags/dbt_mart_creation.py
[2025-01-23T15:03:08.678+0000] {processor.py:914} INFO - Processing file /opt/airflow/dags/dbt_mart_creation.py for tasks to queue
[2025-01-23T15:03:08.684+0000] {logging_mixin.py:190} INFO - [2025-01-23T15:03:08.683+0000] {dagbag.py:588} INFO - Filling up the DagBag from /opt/airflow/dags/dbt_mart_creation.py
[2025-01-23T15:03:08.708+0000] {processor.py:925} INFO - DAG(s) 'dbt_mart_test_example' retrieved from /opt/airflow/dags/dbt_mart_creation.py
[2025-01-23T15:03:08.763+0000] {logging_mixin.py:190} INFO - [2025-01-23T15:03:08.762+0000] {dag.py:3239} INFO - Sync 1 DAGs
[2025-01-23T15:03:08.785+0000] {logging_mixin.py:190} INFO - [2025-01-23T15:03:08.784+0000] {dag.py:4180} INFO - Setting next_dagrun for dbt_mart_test_example to 2025-01-23 00:00:00+00:00, run_after=2025-01-24 00:00:00+00:00
[2025-01-23T15:03:08.799+0000] {processor.py:208} INFO - Processing /opt/airflow/dags/dbt_mart_creation.py took 0.154 seconds
[2025-01-23T15:03:39.267+0000] {processor.py:186} INFO - Started process (PID=22857) to work on /opt/airflow/dags/dbt_mart_creation.py
[2025-01-23T15:03:39.271+0000] {processor.py:914} INFO - Processing file /opt/airflow/dags/dbt_mart_creation.py for tasks to queue
[2025-01-23T15:03:39.279+0000] {logging_mixin.py:190} INFO - [2025-01-23T15:03:39.278+0000] {dagbag.py:588} INFO - Filling up the DagBag from /opt/airflow/dags/dbt_mart_creation.py
[2025-01-23T15:03:39.295+0000] {processor.py:925} INFO - DAG(s) 'dbt_mart_test_example' retrieved from /opt/airflow/dags/dbt_mart_creation.py
[2025-01-23T15:03:39.322+0000] {logging_mixin.py:190} INFO - [2025-01-23T15:03:39.322+0000] {dag.py:3239} INFO - Sync 1 DAGs
[2025-01-23T15:03:39.358+0000] {logging_mixin.py:190} INFO - [2025-01-23T15:03:39.358+0000] {dag.py:4180} INFO - Setting next_dagrun for dbt_mart_test_example to 2025-01-23 00:00:00+00:00, run_after=2025-01-24 00:00:00+00:00
[2025-01-23T15:03:39.371+0000] {processor.py:208} INFO - Processing /opt/airflow/dags/dbt_mart_creation.py took 0.119 seconds
[2025-01-23T15:04:09.798+0000] {processor.py:186} INFO - Started process (PID=22868) to work on /opt/airflow/dags/dbt_mart_creation.py
[2025-01-23T15:04:09.799+0000] {processor.py:914} INFO - Processing file /opt/airflow/dags/dbt_mart_creation.py for tasks to queue
[2025-01-23T15:04:09.803+0000] {logging_mixin.py:190} INFO - [2025-01-23T15:04:09.802+0000] {dagbag.py:588} INFO - Filling up the DagBag from /opt/airflow/dags/dbt_mart_creation.py
[2025-01-23T15:04:09.813+0000] {processor.py:925} INFO - DAG(s) 'dbt_mart_test_example' retrieved from /opt/airflow/dags/dbt_mart_creation.py
[2025-01-23T15:04:09.833+0000] {logging_mixin.py:190} INFO - [2025-01-23T15:04:09.833+0000] {dag.py:3239} INFO - Sync 1 DAGs
[2025-01-23T15:04:09.848+0000] {logging_mixin.py:190} INFO - [2025-01-23T15:04:09.847+0000] {dag.py:4180} INFO - Setting next_dagrun for dbt_mart_test_example to 2025-01-23 00:00:00+00:00, run_after=2025-01-24 00:00:00+00:00
[2025-01-23T15:04:09.868+0000] {processor.py:208} INFO - Processing /opt/airflow/dags/dbt_mart_creation.py took 0.076 seconds
[2025-01-23T15:04:40.248+0000] {processor.py:186} INFO - Started process (PID=22878) to work on /opt/airflow/dags/dbt_mart_creation.py
[2025-01-23T15:04:40.249+0000] {processor.py:914} INFO - Processing file /opt/airflow/dags/dbt_mart_creation.py for tasks to queue
[2025-01-23T15:04:40.254+0000] {logging_mixin.py:190} INFO - [2025-01-23T15:04:40.253+0000] {dagbag.py:588} INFO - Filling up the DagBag from /opt/airflow/dags/dbt_mart_creation.py
[2025-01-23T15:04:40.266+0000] {processor.py:925} INFO - DAG(s) 'dbt_mart_test_example' retrieved from /opt/airflow/dags/dbt_mart_creation.py
[2025-01-23T15:04:40.289+0000] {logging_mixin.py:190} INFO - [2025-01-23T15:04:40.289+0000] {dag.py:3239} INFO - Sync 1 DAGs
[2025-01-23T15:04:40.307+0000] {logging_mixin.py:190} INFO - [2025-01-23T15:04:40.307+0000] {dag.py:4180} INFO - Setting next_dagrun for dbt_mart_test_example to 2025-01-23 00:00:00+00:00, run_after=2025-01-24 00:00:00+00:00
[2025-01-23T15:04:40.319+0000] {processor.py:208} INFO - Processing /opt/airflow/dags/dbt_mart_creation.py took 0.078 seconds
[2025-01-23T15:05:10.740+0000] {processor.py:186} INFO - Started process (PID=22888) to work on /opt/airflow/dags/dbt_mart_creation.py
[2025-01-23T15:05:10.741+0000] {processor.py:914} INFO - Processing file /opt/airflow/dags/dbt_mart_creation.py for tasks to queue
[2025-01-23T15:05:10.746+0000] {logging_mixin.py:190} INFO - [2025-01-23T15:05:10.746+0000] {dagbag.py:588} INFO - Filling up the DagBag from /opt/airflow/dags/dbt_mart_creation.py
[2025-01-23T15:05:10.784+0000] {processor.py:925} INFO - DAG(s) 'dbt_mart_test_example' retrieved from /opt/airflow/dags/dbt_mart_creation.py
[2025-01-23T15:05:10.826+0000] {logging_mixin.py:190} INFO - [2025-01-23T15:05:10.826+0000] {dag.py:3239} INFO - Sync 1 DAGs
[2025-01-23T15:05:10.856+0000] {logging_mixin.py:190} INFO - [2025-01-23T15:05:10.856+0000] {dag.py:4180} INFO - Setting next_dagrun for dbt_mart_test_example to 2025-01-23 00:00:00+00:00, run_after=2025-01-24 00:00:00+00:00
[2025-01-23T15:05:10.893+0000] {processor.py:208} INFO - Processing /opt/airflow/dags/dbt_mart_creation.py took 0.166 seconds
[2025-01-23T15:05:41.377+0000] {processor.py:186} INFO - Started process (PID=22898) to work on /opt/airflow/dags/dbt_mart_creation.py
[2025-01-23T15:05:41.378+0000] {processor.py:914} INFO - Processing file /opt/airflow/dags/dbt_mart_creation.py for tasks to queue
[2025-01-23T15:05:41.380+0000] {logging_mixin.py:190} INFO - [2025-01-23T15:05:41.380+0000] {dagbag.py:588} INFO - Filling up the DagBag from /opt/airflow/dags/dbt_mart_creation.py
[2025-01-23T15:05:41.388+0000] {processor.py:925} INFO - DAG(s) 'dbt_mart_test_example' retrieved from /opt/airflow/dags/dbt_mart_creation.py
[2025-01-23T15:05:41.408+0000] {logging_mixin.py:190} INFO - [2025-01-23T15:05:41.408+0000] {dag.py:3239} INFO - Sync 1 DAGs
[2025-01-23T15:05:41.440+0000] {logging_mixin.py:190} INFO - [2025-01-23T15:05:41.440+0000] {dag.py:4180} INFO - Setting next_dagrun for dbt_mart_test_example to 2025-01-23 00:00:00+00:00, run_after=2025-01-24 00:00:00+00:00
[2025-01-23T15:05:41.456+0000] {processor.py:208} INFO - Processing /opt/airflow/dags/dbt_mart_creation.py took 0.083 seconds
[2025-01-23T15:06:11.925+0000] {processor.py:186} INFO - Started process (PID=22908) to work on /opt/airflow/dags/dbt_mart_creation.py
[2025-01-23T15:06:11.927+0000] {processor.py:914} INFO - Processing file /opt/airflow/dags/dbt_mart_creation.py for tasks to queue
[2025-01-23T15:06:11.933+0000] {logging_mixin.py:190} INFO - [2025-01-23T15:06:11.932+0000] {dagbag.py:588} INFO - Filling up the DagBag from /opt/airflow/dags/dbt_mart_creation.py
[2025-01-23T15:06:11.955+0000] {processor.py:925} INFO - DAG(s) 'dbt_mart_test_example' retrieved from /opt/airflow/dags/dbt_mart_creation.py
[2025-01-23T15:06:11.983+0000] {logging_mixin.py:190} INFO - [2025-01-23T15:06:11.983+0000] {dag.py:3239} INFO - Sync 1 DAGs
[2025-01-23T15:06:12.004+0000] {logging_mixin.py:190} INFO - [2025-01-23T15:06:12.004+0000] {dag.py:4180} INFO - Setting next_dagrun for dbt_mart_test_example to 2025-01-23 00:00:00+00:00, run_after=2025-01-24 00:00:00+00:00
[2025-01-23T15:06:12.018+0000] {processor.py:208} INFO - Processing /opt/airflow/dags/dbt_mart_creation.py took 0.107 seconds
[2025-01-23T15:06:42.497+0000] {processor.py:186} INFO - Started process (PID=22918) to work on /opt/airflow/dags/dbt_mart_creation.py
[2025-01-23T15:06:42.498+0000] {processor.py:914} INFO - Processing file /opt/airflow/dags/dbt_mart_creation.py for tasks to queue
[2025-01-23T15:06:42.502+0000] {logging_mixin.py:190} INFO - [2025-01-23T15:06:42.501+0000] {dagbag.py:588} INFO - Filling up the DagBag from /opt/airflow/dags/dbt_mart_creation.py
[2025-01-23T15:06:42.514+0000] {processor.py:925} INFO - DAG(s) 'dbt_mart_test_example' retrieved from /opt/airflow/dags/dbt_mart_creation.py
[2025-01-23T15:06:42.536+0000] {logging_mixin.py:190} INFO - [2025-01-23T15:06:42.536+0000] {dag.py:3239} INFO - Sync 1 DAGs
[2025-01-23T15:06:42.554+0000] {logging_mixin.py:190} INFO - [2025-01-23T15:06:42.554+0000] {dag.py:4180} INFO - Setting next_dagrun for dbt_mart_test_example to 2025-01-23 00:00:00+00:00, run_after=2025-01-24 00:00:00+00:00
[2025-01-23T15:06:42.573+0000] {processor.py:208} INFO - Processing /opt/airflow/dags/dbt_mart_creation.py took 0.084 seconds
[2025-01-23T15:07:12.980+0000] {processor.py:186} INFO - Started process (PID=22928) to work on /opt/airflow/dags/dbt_mart_creation.py
[2025-01-23T15:07:12.981+0000] {processor.py:914} INFO - Processing file /opt/airflow/dags/dbt_mart_creation.py for tasks to queue
[2025-01-23T15:07:12.984+0000] {logging_mixin.py:190} INFO - [2025-01-23T15:07:12.984+0000] {dagbag.py:588} INFO - Filling up the DagBag from /opt/airflow/dags/dbt_mart_creation.py
[2025-01-23T15:07:12.992+0000] {processor.py:925} INFO - DAG(s) 'dbt_mart_test_example' retrieved from /opt/airflow/dags/dbt_mart_creation.py
[2025-01-23T15:07:13.013+0000] {logging_mixin.py:190} INFO - [2025-01-23T15:07:13.013+0000] {dag.py:3239} INFO - Sync 1 DAGs
[2025-01-23T15:07:13.032+0000] {logging_mixin.py:190} INFO - [2025-01-23T15:07:13.032+0000] {dag.py:4180} INFO - Setting next_dagrun for dbt_mart_test_example to 2025-01-23 00:00:00+00:00, run_after=2025-01-24 00:00:00+00:00
[2025-01-23T15:07:13.050+0000] {processor.py:208} INFO - Processing /opt/airflow/dags/dbt_mart_creation.py took 0.074 seconds
[2025-01-23T15:07:43.410+0000] {processor.py:186} INFO - Started process (PID=22938) to work on /opt/airflow/dags/dbt_mart_creation.py
[2025-01-23T15:07:43.412+0000] {processor.py:914} INFO - Processing file /opt/airflow/dags/dbt_mart_creation.py for tasks to queue
[2025-01-23T15:07:43.415+0000] {logging_mixin.py:190} INFO - [2025-01-23T15:07:43.415+0000] {dagbag.py:588} INFO - Filling up the DagBag from /opt/airflow/dags/dbt_mart_creation.py
[2025-01-23T15:07:43.430+0000] {processor.py:925} INFO - DAG(s) 'dbt_mart_test_example' retrieved from /opt/airflow/dags/dbt_mart_creation.py
[2025-01-23T15:07:43.455+0000] {logging_mixin.py:190} INFO - [2025-01-23T15:07:43.455+0000] {dag.py:3239} INFO - Sync 1 DAGs
[2025-01-23T15:07:43.488+0000] {logging_mixin.py:190} INFO - [2025-01-23T15:07:43.488+0000] {dag.py:4180} INFO - Setting next_dagrun for dbt_mart_test_example to 2025-01-23 00:00:00+00:00, run_after=2025-01-24 00:00:00+00:00
[2025-01-23T15:07:43.504+0000] {processor.py:208} INFO - Processing /opt/airflow/dags/dbt_mart_creation.py took 0.105 seconds
[2025-01-23T15:08:14.324+0000] {processor.py:186} INFO - Started process (PID=22948) to work on /opt/airflow/dags/dbt_mart_creation.py
[2025-01-23T15:08:14.326+0000] {processor.py:914} INFO - Processing file /opt/airflow/dags/dbt_mart_creation.py for tasks to queue
[2025-01-23T15:08:14.332+0000] {logging_mixin.py:190} INFO - [2025-01-23T15:08:14.331+0000] {dagbag.py:588} INFO - Filling up the DagBag from /opt/airflow/dags/dbt_mart_creation.py
[2025-01-23T15:08:14.358+0000] {processor.py:925} INFO - DAG(s) 'dbt_mart_test_example' retrieved from /opt/airflow/dags/dbt_mart_creation.py
[2025-01-23T15:08:14.398+0000] {logging_mixin.py:190} INFO - [2025-01-23T15:08:14.398+0000] {dag.py:3239} INFO - Sync 1 DAGs
[2025-01-23T15:08:14.425+0000] {logging_mixin.py:190} INFO - [2025-01-23T15:08:14.424+0000] {dag.py:4180} INFO - Setting next_dagrun for dbt_mart_test_example to 2025-01-23 00:00:00+00:00, run_after=2025-01-24 00:00:00+00:00
[2025-01-23T15:08:14.441+0000] {processor.py:208} INFO - Processing /opt/airflow/dags/dbt_mart_creation.py took 0.189 seconds
[2025-01-23T15:08:44.759+0000] {processor.py:186} INFO - Started process (PID=22958) to work on /opt/airflow/dags/dbt_mart_creation.py
[2025-01-23T15:08:44.761+0000] {processor.py:914} INFO - Processing file /opt/airflow/dags/dbt_mart_creation.py for tasks to queue
[2025-01-23T15:08:44.764+0000] {logging_mixin.py:190} INFO - [2025-01-23T15:08:44.764+0000] {dagbag.py:588} INFO - Filling up the DagBag from /opt/airflow/dags/dbt_mart_creation.py
[2025-01-23T15:08:44.778+0000] {processor.py:925} INFO - DAG(s) 'dbt_mart_test_example' retrieved from /opt/airflow/dags/dbt_mart_creation.py
[2025-01-23T15:08:44.804+0000] {logging_mixin.py:190} INFO - [2025-01-23T15:08:44.804+0000] {dag.py:3239} INFO - Sync 1 DAGs
[2025-01-23T15:08:44.818+0000] {logging_mixin.py:190} INFO - [2025-01-23T15:08:44.818+0000] {dag.py:4180} INFO - Setting next_dagrun for dbt_mart_test_example to 2025-01-23 00:00:00+00:00, run_after=2025-01-24 00:00:00+00:00
[2025-01-23T15:08:44.830+0000] {processor.py:208} INFO - Processing /opt/airflow/dags/dbt_mart_creation.py took 0.081 seconds
[2025-01-23T15:09:15.424+0000] {processor.py:186} INFO - Started process (PID=22968) to work on /opt/airflow/dags/dbt_mart_creation.py
[2025-01-23T15:09:15.427+0000] {processor.py:914} INFO - Processing file /opt/airflow/dags/dbt_mart_creation.py for tasks to queue
[2025-01-23T15:09:15.437+0000] {logging_mixin.py:190} INFO - [2025-01-23T15:09:15.436+0000] {dagbag.py:588} INFO - Filling up the DagBag from /opt/airflow/dags/dbt_mart_creation.py
[2025-01-23T15:09:15.452+0000] {processor.py:925} INFO - DAG(s) 'dbt_mart_test_example' retrieved from /opt/airflow/dags/dbt_mart_creation.py
[2025-01-23T15:09:15.474+0000] {logging_mixin.py:190} INFO - [2025-01-23T15:09:15.474+0000] {dag.py:3239} INFO - Sync 1 DAGs
[2025-01-23T15:09:15.491+0000] {logging_mixin.py:190} INFO - [2025-01-23T15:09:15.491+0000] {dag.py:4180} INFO - Setting next_dagrun for dbt_mart_test_example to 2025-01-23 00:00:00+00:00, run_after=2025-01-24 00:00:00+00:00
[2025-01-23T15:09:15.513+0000] {processor.py:208} INFO - Processing /opt/airflow/dags/dbt_mart_creation.py took 0.110 seconds
[2025-01-23T15:09:45.948+0000] {processor.py:186} INFO - Started process (PID=22978) to work on /opt/airflow/dags/dbt_mart_creation.py
[2025-01-23T15:09:45.950+0000] {processor.py:914} INFO - Processing file /opt/airflow/dags/dbt_mart_creation.py for tasks to queue
[2025-01-23T15:09:45.954+0000] {logging_mixin.py:190} INFO - [2025-01-23T15:09:45.954+0000] {dagbag.py:588} INFO - Filling up the DagBag from /opt/airflow/dags/dbt_mart_creation.py
[2025-01-23T15:09:45.963+0000] {processor.py:925} INFO - DAG(s) 'dbt_mart_test_example' retrieved from /opt/airflow/dags/dbt_mart_creation.py
[2025-01-23T15:09:45.983+0000] {logging_mixin.py:190} INFO - [2025-01-23T15:09:45.983+0000] {dag.py:3239} INFO - Sync 1 DAGs
[2025-01-23T15:09:45.997+0000] {logging_mixin.py:190} INFO - [2025-01-23T15:09:45.997+0000] {dag.py:4180} INFO - Setting next_dagrun for dbt_mart_test_example to 2025-01-23 00:00:00+00:00, run_after=2025-01-24 00:00:00+00:00
[2025-01-23T15:09:46.008+0000] {processor.py:208} INFO - Processing /opt/airflow/dags/dbt_mart_creation.py took 0.065 seconds
[2025-01-23T15:10:16.330+0000] {processor.py:186} INFO - Started process (PID=22988) to work on /opt/airflow/dags/dbt_mart_creation.py
[2025-01-23T15:10:16.331+0000] {processor.py:914} INFO - Processing file /opt/airflow/dags/dbt_mart_creation.py for tasks to queue
[2025-01-23T15:10:16.333+0000] {logging_mixin.py:190} INFO - [2025-01-23T15:10:16.332+0000] {dagbag.py:588} INFO - Filling up the DagBag from /opt/airflow/dags/dbt_mart_creation.py
[2025-01-23T15:10:16.344+0000] {processor.py:925} INFO - DAG(s) 'dbt_mart_test_example' retrieved from /opt/airflow/dags/dbt_mart_creation.py
[2025-01-23T15:10:16.364+0000] {logging_mixin.py:190} INFO - [2025-01-23T15:10:16.364+0000] {dag.py:3239} INFO - Sync 1 DAGs
[2025-01-23T15:10:16.377+0000] {logging_mixin.py:190} INFO - [2025-01-23T15:10:16.377+0000] {dag.py:4180} INFO - Setting next_dagrun for dbt_mart_test_example to 2025-01-23 00:00:00+00:00, run_after=2025-01-24 00:00:00+00:00
[2025-01-23T15:10:16.389+0000] {processor.py:208} INFO - Processing /opt/airflow/dags/dbt_mart_creation.py took 0.065 seconds
[2025-01-23T15:10:46.874+0000] {processor.py:186} INFO - Started process (PID=22998) to work on /opt/airflow/dags/dbt_mart_creation.py
[2025-01-23T15:10:46.876+0000] {processor.py:914} INFO - Processing file /opt/airflow/dags/dbt_mart_creation.py for tasks to queue
[2025-01-23T15:10:46.883+0000] {logging_mixin.py:190} INFO - [2025-01-23T15:10:46.882+0000] {dagbag.py:588} INFO - Filling up the DagBag from /opt/airflow/dags/dbt_mart_creation.py
[2025-01-23T15:10:46.902+0000] {processor.py:925} INFO - DAG(s) 'dbt_mart_test_example' retrieved from /opt/airflow/dags/dbt_mart_creation.py
[2025-01-23T15:10:46.933+0000] {logging_mixin.py:190} INFO - [2025-01-23T15:10:46.932+0000] {dag.py:3239} INFO - Sync 1 DAGs
[2025-01-23T15:10:46.976+0000] {logging_mixin.py:190} INFO - [2025-01-23T15:10:46.975+0000] {dag.py:4180} INFO - Setting next_dagrun for dbt_mart_test_example to 2025-01-23 00:00:00+00:00, run_after=2025-01-24 00:00:00+00:00
[2025-01-23T15:10:46.992+0000] {processor.py:208} INFO - Processing /opt/airflow/dags/dbt_mart_creation.py took 0.134 seconds
[2025-01-23T15:11:17.556+0000] {processor.py:186} INFO - Started process (PID=23008) to work on /opt/airflow/dags/dbt_mart_creation.py
[2025-01-23T15:11:17.558+0000] {processor.py:914} INFO - Processing file /opt/airflow/dags/dbt_mart_creation.py for tasks to queue
[2025-01-23T15:11:17.561+0000] {logging_mixin.py:190} INFO - [2025-01-23T15:11:17.561+0000] {dagbag.py:588} INFO - Filling up the DagBag from /opt/airflow/dags/dbt_mart_creation.py
[2025-01-23T15:11:17.577+0000] {processor.py:925} INFO - DAG(s) 'dbt_mart_test_example' retrieved from /opt/airflow/dags/dbt_mart_creation.py
[2025-01-23T15:11:17.602+0000] {logging_mixin.py:190} INFO - [2025-01-23T15:11:17.602+0000] {dag.py:3239} INFO - Sync 1 DAGs
[2025-01-23T15:11:17.614+0000] {logging_mixin.py:190} INFO - [2025-01-23T15:11:17.614+0000] {dag.py:4180} INFO - Setting next_dagrun for dbt_mart_test_example to 2025-01-23 00:00:00+00:00, run_after=2025-01-24 00:00:00+00:00
[2025-01-23T15:11:17.625+0000] {processor.py:208} INFO - Processing /opt/airflow/dags/dbt_mart_creation.py took 0.079 seconds
[2025-01-23T15:11:47.905+0000] {processor.py:186} INFO - Started process (PID=23018) to work on /opt/airflow/dags/dbt_mart_creation.py
[2025-01-23T15:11:47.906+0000] {processor.py:914} INFO - Processing file /opt/airflow/dags/dbt_mart_creation.py for tasks to queue
[2025-01-23T15:11:47.907+0000] {logging_mixin.py:190} INFO - [2025-01-23T15:11:47.907+0000] {dagbag.py:588} INFO - Filling up the DagBag from /opt/airflow/dags/dbt_mart_creation.py
[2025-01-23T15:11:47.914+0000] {processor.py:925} INFO - DAG(s) 'dbt_mart_test_example' retrieved from /opt/airflow/dags/dbt_mart_creation.py
[2025-01-23T15:11:47.932+0000] {logging_mixin.py:190} INFO - [2025-01-23T15:11:47.932+0000] {dag.py:3239} INFO - Sync 1 DAGs
[2025-01-23T15:11:47.946+0000] {logging_mixin.py:190} INFO - [2025-01-23T15:11:47.946+0000] {dag.py:4180} INFO - Setting next_dagrun for dbt_mart_test_example to 2025-01-23 00:00:00+00:00, run_after=2025-01-24 00:00:00+00:00
[2025-01-23T15:11:47.963+0000] {processor.py:208} INFO - Processing /opt/airflow/dags/dbt_mart_creation.py took 0.062 seconds
[2025-01-23T15:12:18.214+0000] {processor.py:186} INFO - Started process (PID=23027) to work on /opt/airflow/dags/dbt_mart_creation.py
[2025-01-23T15:12:18.215+0000] {processor.py:914} INFO - Processing file /opt/airflow/dags/dbt_mart_creation.py for tasks to queue
[2025-01-23T15:12:18.217+0000] {logging_mixin.py:190} INFO - [2025-01-23T15:12:18.217+0000] {dagbag.py:588} INFO - Filling up the DagBag from /opt/airflow/dags/dbt_mart_creation.py
[2025-01-23T15:12:18.227+0000] {processor.py:925} INFO - DAG(s) 'dbt_mart_test_example' retrieved from /opt/airflow/dags/dbt_mart_creation.py
[2025-01-23T15:12:18.265+0000] {logging_mixin.py:190} INFO - [2025-01-23T15:12:18.265+0000] {dag.py:3239} INFO - Sync 1 DAGs
[2025-01-23T15:12:18.288+0000] {logging_mixin.py:190} INFO - [2025-01-23T15:12:18.288+0000] {dag.py:4180} INFO - Setting next_dagrun for dbt_mart_test_example to 2025-01-23 00:00:00+00:00, run_after=2025-01-24 00:00:00+00:00
[2025-01-23T15:12:18.307+0000] {processor.py:208} INFO - Processing /opt/airflow/dags/dbt_mart_creation.py took 0.098 seconds
[2025-01-23T15:12:48.612+0000] {processor.py:186} INFO - Started process (PID=23037) to work on /opt/airflow/dags/dbt_mart_creation.py
[2025-01-23T15:12:48.613+0000] {processor.py:914} INFO - Processing file /opt/airflow/dags/dbt_mart_creation.py for tasks to queue
[2025-01-23T15:12:48.616+0000] {logging_mixin.py:190} INFO - [2025-01-23T15:12:48.616+0000] {dagbag.py:588} INFO - Filling up the DagBag from /opt/airflow/dags/dbt_mart_creation.py
[2025-01-23T15:12:48.625+0000] {processor.py:925} INFO - DAG(s) 'dbt_mart_test_example' retrieved from /opt/airflow/dags/dbt_mart_creation.py
[2025-01-23T15:12:48.644+0000] {logging_mixin.py:190} INFO - [2025-01-23T15:12:48.644+0000] {dag.py:3239} INFO - Sync 1 DAGs
[2025-01-23T15:12:48.657+0000] {logging_mixin.py:190} INFO - [2025-01-23T15:12:48.657+0000] {dag.py:4180} INFO - Setting next_dagrun for dbt_mart_test_example to 2025-01-23 00:00:00+00:00, run_after=2025-01-24 00:00:00+00:00
[2025-01-23T15:12:48.667+0000] {processor.py:208} INFO - Processing /opt/airflow/dags/dbt_mart_creation.py took 0.069 seconds
[2025-01-23T15:13:19.000+0000] {processor.py:186} INFO - Started process (PID=23047) to work on /opt/airflow/dags/dbt_mart_creation.py
[2025-01-23T15:13:19.003+0000] {processor.py:914} INFO - Processing file /opt/airflow/dags/dbt_mart_creation.py for tasks to queue
[2025-01-23T15:13:19.004+0000] {logging_mixin.py:190} INFO - [2025-01-23T15:13:19.004+0000] {dagbag.py:588} INFO - Filling up the DagBag from /opt/airflow/dags/dbt_mart_creation.py
[2025-01-23T15:13:19.011+0000] {processor.py:925} INFO - DAG(s) 'dbt_mart_test_example' retrieved from /opt/airflow/dags/dbt_mart_creation.py
[2025-01-23T15:13:19.026+0000] {logging_mixin.py:190} INFO - [2025-01-23T15:13:19.026+0000] {dag.py:3239} INFO - Sync 1 DAGs
[2025-01-23T15:13:19.037+0000] {logging_mixin.py:190} INFO - [2025-01-23T15:13:19.037+0000] {dag.py:4180} INFO - Setting next_dagrun for dbt_mart_test_example to 2025-01-23 00:00:00+00:00, run_after=2025-01-24 00:00:00+00:00
[2025-01-23T15:13:19.048+0000] {processor.py:208} INFO - Processing /opt/airflow/dags/dbt_mart_creation.py took 0.052 seconds
[2025-01-23T15:13:49.387+0000] {processor.py:186} INFO - Started process (PID=23057) to work on /opt/airflow/dags/dbt_mart_creation.py
[2025-01-23T15:13:49.389+0000] {processor.py:914} INFO - Processing file /opt/airflow/dags/dbt_mart_creation.py for tasks to queue
[2025-01-23T15:13:49.393+0000] {logging_mixin.py:190} INFO - [2025-01-23T15:13:49.393+0000] {dagbag.py:588} INFO - Filling up the DagBag from /opt/airflow/dags/dbt_mart_creation.py
[2025-01-23T15:13:49.414+0000] {processor.py:925} INFO - DAG(s) 'dbt_mart_test_example' retrieved from /opt/airflow/dags/dbt_mart_creation.py
[2025-01-23T15:13:49.448+0000] {logging_mixin.py:190} INFO - [2025-01-23T15:13:49.448+0000] {dag.py:3239} INFO - Sync 1 DAGs
[2025-01-23T15:13:49.468+0000] {logging_mixin.py:190} INFO - [2025-01-23T15:13:49.467+0000] {dag.py:4180} INFO - Setting next_dagrun for dbt_mart_test_example to 2025-01-23 00:00:00+00:00, run_after=2025-01-24 00:00:00+00:00
[2025-01-23T15:13:49.483+0000] {processor.py:208} INFO - Processing /opt/airflow/dags/dbt_mart_creation.py took 0.117 seconds
[2025-01-23T15:14:19.699+0000] {processor.py:186} INFO - Started process (PID=23066) to work on /opt/airflow/dags/dbt_mart_creation.py
[2025-01-23T15:14:19.701+0000] {processor.py:914} INFO - Processing file /opt/airflow/dags/dbt_mart_creation.py for tasks to queue
[2025-01-23T15:14:19.703+0000] {logging_mixin.py:190} INFO - [2025-01-23T15:14:19.703+0000] {dagbag.py:588} INFO - Filling up the DagBag from /opt/airflow/dags/dbt_mart_creation.py
[2025-01-23T15:14:19.722+0000] {processor.py:925} INFO - DAG(s) 'dbt_mart_test_example' retrieved from /opt/airflow/dags/dbt_mart_creation.py
[2025-01-23T15:14:19.767+0000] {logging_mixin.py:190} INFO - [2025-01-23T15:14:19.767+0000] {dag.py:3239} INFO - Sync 1 DAGs
[2025-01-23T15:14:19.787+0000] {logging_mixin.py:190} INFO - [2025-01-23T15:14:19.787+0000] {dag.py:4180} INFO - Setting next_dagrun for dbt_mart_test_example to 2025-01-23 00:00:00+00:00, run_after=2025-01-24 00:00:00+00:00
[2025-01-23T15:14:19.798+0000] {processor.py:208} INFO - Processing /opt/airflow/dags/dbt_mart_creation.py took 0.104 seconds
[2025-01-23T15:14:50.072+0000] {processor.py:186} INFO - Started process (PID=23076) to work on /opt/airflow/dags/dbt_mart_creation.py
[2025-01-23T15:14:50.073+0000] {processor.py:914} INFO - Processing file /opt/airflow/dags/dbt_mart_creation.py for tasks to queue
[2025-01-23T15:14:50.076+0000] {logging_mixin.py:190} INFO - [2025-01-23T15:14:50.075+0000] {dagbag.py:588} INFO - Filling up the DagBag from /opt/airflow/dags/dbt_mart_creation.py
[2025-01-23T15:14:50.086+0000] {processor.py:925} INFO - DAG(s) 'dbt_mart_test_example' retrieved from /opt/airflow/dags/dbt_mart_creation.py
[2025-01-23T15:14:50.103+0000] {logging_mixin.py:190} INFO - [2025-01-23T15:14:50.103+0000] {dag.py:3239} INFO - Sync 1 DAGs
[2025-01-23T15:14:50.115+0000] {logging_mixin.py:190} INFO - [2025-01-23T15:14:50.115+0000] {dag.py:4180} INFO - Setting next_dagrun for dbt_mart_test_example to 2025-01-23 00:00:00+00:00, run_after=2025-01-24 00:00:00+00:00
[2025-01-23T15:14:50.126+0000] {processor.py:208} INFO - Processing /opt/airflow/dags/dbt_mart_creation.py took 0.062 seconds
[2025-01-23T15:15:20.375+0000] {processor.py:186} INFO - Started process (PID=23087) to work on /opt/airflow/dags/dbt_mart_creation.py
[2025-01-23T15:15:20.376+0000] {processor.py:914} INFO - Processing file /opt/airflow/dags/dbt_mart_creation.py for tasks to queue
[2025-01-23T15:15:20.380+0000] {logging_mixin.py:190} INFO - [2025-01-23T15:15:20.380+0000] {dagbag.py:588} INFO - Filling up the DagBag from /opt/airflow/dags/dbt_mart_creation.py
[2025-01-23T15:15:20.393+0000] {processor.py:925} INFO - DAG(s) 'dbt_mart_test_example' retrieved from /opt/airflow/dags/dbt_mart_creation.py
[2025-01-23T15:15:20.416+0000] {logging_mixin.py:190} INFO - [2025-01-23T15:15:20.415+0000] {dag.py:3239} INFO - Sync 1 DAGs
[2025-01-23T15:15:20.430+0000] {logging_mixin.py:190} INFO - [2025-01-23T15:15:20.429+0000] {dag.py:4180} INFO - Setting next_dagrun for dbt_mart_test_example to 2025-01-23 00:00:00+00:00, run_after=2025-01-24 00:00:00+00:00
[2025-01-23T15:15:20.446+0000] {processor.py:208} INFO - Processing /opt/airflow/dags/dbt_mart_creation.py took 0.076 seconds
[2025-01-23T15:15:50.957+0000] {processor.py:186} INFO - Started process (PID=23097) to work on /opt/airflow/dags/dbt_mart_creation.py
[2025-01-23T15:15:50.958+0000] {processor.py:914} INFO - Processing file /opt/airflow/dags/dbt_mart_creation.py for tasks to queue
[2025-01-23T15:15:50.960+0000] {logging_mixin.py:190} INFO - [2025-01-23T15:15:50.960+0000] {dagbag.py:588} INFO - Filling up the DagBag from /opt/airflow/dags/dbt_mart_creation.py
[2025-01-23T15:15:50.967+0000] {processor.py:925} INFO - DAG(s) 'dbt_mart_test_example' retrieved from /opt/airflow/dags/dbt_mart_creation.py
[2025-01-23T15:15:50.985+0000] {logging_mixin.py:190} INFO - [2025-01-23T15:15:50.985+0000] {dag.py:3239} INFO - Sync 1 DAGs
[2025-01-23T15:15:51.000+0000] {logging_mixin.py:190} INFO - [2025-01-23T15:15:51.000+0000] {dag.py:4180} INFO - Setting next_dagrun for dbt_mart_test_example to 2025-01-23 00:00:00+00:00, run_after=2025-01-24 00:00:00+00:00
[2025-01-23T15:15:51.011+0000] {processor.py:208} INFO - Processing /opt/airflow/dags/dbt_mart_creation.py took 0.075 seconds
[2025-01-23T15:16:21.384+0000] {processor.py:186} INFO - Started process (PID=23106) to work on /opt/airflow/dags/dbt_mart_creation.py
[2025-01-23T15:16:21.385+0000] {processor.py:914} INFO - Processing file /opt/airflow/dags/dbt_mart_creation.py for tasks to queue
[2025-01-23T15:16:21.391+0000] {logging_mixin.py:190} INFO - [2025-01-23T15:16:21.391+0000] {dagbag.py:588} INFO - Filling up the DagBag from /opt/airflow/dags/dbt_mart_creation.py
[2025-01-23T15:16:21.405+0000] {processor.py:925} INFO - DAG(s) 'dbt_mart_test_example' retrieved from /opt/airflow/dags/dbt_mart_creation.py
[2025-01-23T15:16:21.428+0000] {logging_mixin.py:190} INFO - [2025-01-23T15:16:21.428+0000] {dag.py:3239} INFO - Sync 1 DAGs
[2025-01-23T15:16:21.445+0000] {logging_mixin.py:190} INFO - [2025-01-23T15:16:21.445+0000] {dag.py:4180} INFO - Setting next_dagrun for dbt_mart_test_example to 2025-01-23 00:00:00+00:00, run_after=2025-01-24 00:00:00+00:00
[2025-01-23T15:16:21.461+0000] {processor.py:208} INFO - Processing /opt/airflow/dags/dbt_mart_creation.py took 0.086 seconds
[2025-01-23T15:16:51.995+0000] {processor.py:186} INFO - Started process (PID=23116) to work on /opt/airflow/dags/dbt_mart_creation.py
[2025-01-23T15:16:51.997+0000] {processor.py:914} INFO - Processing file /opt/airflow/dags/dbt_mart_creation.py for tasks to queue
[2025-01-23T15:16:52.003+0000] {logging_mixin.py:190} INFO - [2025-01-23T15:16:52.003+0000] {dagbag.py:588} INFO - Filling up the DagBag from /opt/airflow/dags/dbt_mart_creation.py
[2025-01-23T15:16:52.031+0000] {processor.py:925} INFO - DAG(s) 'dbt_mart_test_example' retrieved from /opt/airflow/dags/dbt_mart_creation.py
[2025-01-23T15:16:52.051+0000] {logging_mixin.py:190} INFO - [2025-01-23T15:16:52.051+0000] {dag.py:3239} INFO - Sync 1 DAGs
[2025-01-23T15:16:52.068+0000] {logging_mixin.py:190} INFO - [2025-01-23T15:16:52.067+0000] {dag.py:4180} INFO - Setting next_dagrun for dbt_mart_test_example to 2025-01-23 00:00:00+00:00, run_after=2025-01-24 00:00:00+00:00
[2025-01-23T15:16:52.079+0000] {processor.py:208} INFO - Processing /opt/airflow/dags/dbt_mart_creation.py took 0.098 seconds
[2025-01-23T15:17:22.530+0000] {processor.py:186} INFO - Started process (PID=23126) to work on /opt/airflow/dags/dbt_mart_creation.py
[2025-01-23T15:17:22.531+0000] {processor.py:914} INFO - Processing file /opt/airflow/dags/dbt_mart_creation.py for tasks to queue
[2025-01-23T15:17:22.533+0000] {logging_mixin.py:190} INFO - [2025-01-23T15:17:22.533+0000] {dagbag.py:588} INFO - Filling up the DagBag from /opt/airflow/dags/dbt_mart_creation.py
[2025-01-23T15:17:22.543+0000] {processor.py:925} INFO - DAG(s) 'dbt_mart_test_example' retrieved from /opt/airflow/dags/dbt_mart_creation.py
[2025-01-23T15:17:22.559+0000] {logging_mixin.py:190} INFO - [2025-01-23T15:17:22.559+0000] {dag.py:3239} INFO - Sync 1 DAGs
[2025-01-23T15:17:22.572+0000] {logging_mixin.py:190} INFO - [2025-01-23T15:17:22.572+0000] {dag.py:4180} INFO - Setting next_dagrun for dbt_mart_test_example to 2025-01-23 00:00:00+00:00, run_after=2025-01-24 00:00:00+00:00
[2025-01-23T15:17:22.584+0000] {processor.py:208} INFO - Processing /opt/airflow/dags/dbt_mart_creation.py took 0.063 seconds
[2025-01-23T15:17:53.003+0000] {processor.py:186} INFO - Started process (PID=23136) to work on /opt/airflow/dags/dbt_mart_creation.py
[2025-01-23T15:17:53.004+0000] {processor.py:914} INFO - Processing file /opt/airflow/dags/dbt_mart_creation.py for tasks to queue
[2025-01-23T15:17:53.007+0000] {logging_mixin.py:190} INFO - [2025-01-23T15:17:53.007+0000] {dagbag.py:588} INFO - Filling up the DagBag from /opt/airflow/dags/dbt_mart_creation.py
[2025-01-23T15:17:53.021+0000] {processor.py:925} INFO - DAG(s) 'dbt_mart_test_example' retrieved from /opt/airflow/dags/dbt_mart_creation.py
[2025-01-23T15:17:53.043+0000] {logging_mixin.py:190} INFO - [2025-01-23T15:17:53.043+0000] {dag.py:3239} INFO - Sync 1 DAGs
[2025-01-23T15:17:53.054+0000] {logging_mixin.py:190} INFO - [2025-01-23T15:17:53.054+0000] {dag.py:4180} INFO - Setting next_dagrun for dbt_mart_test_example to 2025-01-23 00:00:00+00:00, run_after=2025-01-24 00:00:00+00:00
[2025-01-23T15:17:53.064+0000] {processor.py:208} INFO - Processing /opt/airflow/dags/dbt_mart_creation.py took 0.069 seconds
[2025-01-23T15:18:23.466+0000] {processor.py:186} INFO - Started process (PID=23146) to work on /opt/airflow/dags/dbt_mart_creation.py
[2025-01-23T15:18:23.469+0000] {processor.py:914} INFO - Processing file /opt/airflow/dags/dbt_mart_creation.py for tasks to queue
[2025-01-23T15:18:23.475+0000] {logging_mixin.py:190} INFO - [2025-01-23T15:18:23.475+0000] {dagbag.py:588} INFO - Filling up the DagBag from /opt/airflow/dags/dbt_mart_creation.py
[2025-01-23T15:18:23.494+0000] {processor.py:925} INFO - DAG(s) 'dbt_mart_test_example' retrieved from /opt/airflow/dags/dbt_mart_creation.py
[2025-01-23T15:18:23.520+0000] {logging_mixin.py:190} INFO - [2025-01-23T15:18:23.520+0000] {dag.py:3239} INFO - Sync 1 DAGs
[2025-01-23T15:18:23.533+0000] {logging_mixin.py:190} INFO - [2025-01-23T15:18:23.533+0000] {dag.py:4180} INFO - Setting next_dagrun for dbt_mart_test_example to 2025-01-23 00:00:00+00:00, run_after=2025-01-24 00:00:00+00:00
[2025-01-23T15:18:23.550+0000] {processor.py:208} INFO - Processing /opt/airflow/dags/dbt_mart_creation.py took 0.091 seconds
[2025-01-23T15:18:53.852+0000] {processor.py:186} INFO - Started process (PID=23157) to work on /opt/airflow/dags/dbt_mart_creation.py
[2025-01-23T15:18:53.853+0000] {processor.py:914} INFO - Processing file /opt/airflow/dags/dbt_mart_creation.py for tasks to queue
[2025-01-23T15:18:53.857+0000] {logging_mixin.py:190} INFO - [2025-01-23T15:18:53.857+0000] {dagbag.py:588} INFO - Filling up the DagBag from /opt/airflow/dags/dbt_mart_creation.py
[2025-01-23T15:18:53.868+0000] {processor.py:925} INFO - DAG(s) 'dbt_mart_test_example' retrieved from /opt/airflow/dags/dbt_mart_creation.py
[2025-01-23T15:18:53.890+0000] {logging_mixin.py:190} INFO - [2025-01-23T15:18:53.889+0000] {dag.py:3239} INFO - Sync 1 DAGs
[2025-01-23T15:18:53.904+0000] {logging_mixin.py:190} INFO - [2025-01-23T15:18:53.904+0000] {dag.py:4180} INFO - Setting next_dagrun for dbt_mart_test_example to 2025-01-23 00:00:00+00:00, run_after=2025-01-24 00:00:00+00:00
[2025-01-23T15:18:53.915+0000] {processor.py:208} INFO - Processing /opt/airflow/dags/dbt_mart_creation.py took 0.071 seconds
[2025-01-23T15:19:24.371+0000] {processor.py:186} INFO - Started process (PID=23167) to work on /opt/airflow/dags/dbt_mart_creation.py
[2025-01-23T15:19:24.373+0000] {processor.py:914} INFO - Processing file /opt/airflow/dags/dbt_mart_creation.py for tasks to queue
[2025-01-23T15:19:24.375+0000] {logging_mixin.py:190} INFO - [2025-01-23T15:19:24.375+0000] {dagbag.py:588} INFO - Filling up the DagBag from /opt/airflow/dags/dbt_mart_creation.py
[2025-01-23T15:19:24.387+0000] {processor.py:925} INFO - DAG(s) 'dbt_mart_test_example' retrieved from /opt/airflow/dags/dbt_mart_creation.py
[2025-01-23T15:19:24.433+0000] {logging_mixin.py:190} INFO - [2025-01-23T15:19:24.433+0000] {dag.py:3239} INFO - Sync 1 DAGs
[2025-01-23T15:19:24.447+0000] {logging_mixin.py:190} INFO - [2025-01-23T15:19:24.447+0000] {dag.py:4180} INFO - Setting next_dagrun for dbt_mart_test_example to 2025-01-23 00:00:00+00:00, run_after=2025-01-24 00:00:00+00:00
[2025-01-23T15:19:24.461+0000] {processor.py:208} INFO - Processing /opt/airflow/dags/dbt_mart_creation.py took 0.101 seconds
[2025-01-23T15:19:54.799+0000] {processor.py:186} INFO - Started process (PID=23176) to work on /opt/airflow/dags/dbt_mart_creation.py
[2025-01-23T15:19:54.800+0000] {processor.py:914} INFO - Processing file /opt/airflow/dags/dbt_mart_creation.py for tasks to queue
[2025-01-23T15:19:54.802+0000] {logging_mixin.py:190} INFO - [2025-01-23T15:19:54.802+0000] {dagbag.py:588} INFO - Filling up the DagBag from /opt/airflow/dags/dbt_mart_creation.py
[2025-01-23T15:19:54.812+0000] {processor.py:925} INFO - DAG(s) 'dbt_mart_test_example' retrieved from /opt/airflow/dags/dbt_mart_creation.py
[2025-01-23T15:19:54.843+0000] {logging_mixin.py:190} INFO - [2025-01-23T15:19:54.842+0000] {dag.py:3239} INFO - Sync 1 DAGs
[2025-01-23T15:19:54.864+0000] {logging_mixin.py:190} INFO - [2025-01-23T15:19:54.864+0000] {dag.py:4180} INFO - Setting next_dagrun for dbt_mart_test_example to 2025-01-23 00:00:00+00:00, run_after=2025-01-24 00:00:00+00:00
[2025-01-23T15:19:54.879+0000] {processor.py:208} INFO - Processing /opt/airflow/dags/dbt_mart_creation.py took 0.084 seconds
[2025-01-23T15:20:25.391+0000] {processor.py:186} INFO - Started process (PID=23186) to work on /opt/airflow/dags/dbt_mart_creation.py
[2025-01-23T15:20:25.392+0000] {processor.py:914} INFO - Processing file /opt/airflow/dags/dbt_mart_creation.py for tasks to queue
[2025-01-23T15:20:25.394+0000] {logging_mixin.py:190} INFO - [2025-01-23T15:20:25.394+0000] {dagbag.py:588} INFO - Filling up the DagBag from /opt/airflow/dags/dbt_mart_creation.py
[2025-01-23T15:20:25.402+0000] {processor.py:925} INFO - DAG(s) 'dbt_mart_test_example' retrieved from /opt/airflow/dags/dbt_mart_creation.py
[2025-01-23T15:20:25.418+0000] {logging_mixin.py:190} INFO - [2025-01-23T15:20:25.418+0000] {dag.py:3239} INFO - Sync 1 DAGs
[2025-01-23T15:20:25.432+0000] {logging_mixin.py:190} INFO - [2025-01-23T15:20:25.432+0000] {dag.py:4180} INFO - Setting next_dagrun for dbt_mart_test_example to 2025-01-23 00:00:00+00:00, run_after=2025-01-24 00:00:00+00:00
[2025-01-23T15:20:25.442+0000] {processor.py:208} INFO - Processing /opt/airflow/dags/dbt_mart_creation.py took 0.066 seconds
[2025-01-23T15:20:55.935+0000] {processor.py:186} INFO - Started process (PID=23196) to work on /opt/airflow/dags/dbt_mart_creation.py
[2025-01-23T15:20:55.936+0000] {processor.py:914} INFO - Processing file /opt/airflow/dags/dbt_mart_creation.py for tasks to queue
[2025-01-23T15:20:55.938+0000] {logging_mixin.py:190} INFO - [2025-01-23T15:20:55.938+0000] {dagbag.py:588} INFO - Filling up the DagBag from /opt/airflow/dags/dbt_mart_creation.py
[2025-01-23T15:20:55.947+0000] {processor.py:925} INFO - DAG(s) 'dbt_mart_test_example' retrieved from /opt/airflow/dags/dbt_mart_creation.py
[2025-01-23T15:20:55.965+0000] {logging_mixin.py:190} INFO - [2025-01-23T15:20:55.965+0000] {dag.py:3239} INFO - Sync 1 DAGs
[2025-01-23T15:20:55.982+0000] {logging_mixin.py:190} INFO - [2025-01-23T15:20:55.982+0000] {dag.py:4180} INFO - Setting next_dagrun for dbt_mart_test_example to 2025-01-23 00:00:00+00:00, run_after=2025-01-24 00:00:00+00:00
[2025-01-23T15:20:55.995+0000] {processor.py:208} INFO - Processing /opt/airflow/dags/dbt_mart_creation.py took 0.067 seconds
[2025-01-23T15:21:26.382+0000] {processor.py:186} INFO - Started process (PID=23205) to work on /opt/airflow/dags/dbt_mart_creation.py
[2025-01-23T15:21:26.384+0000] {processor.py:914} INFO - Processing file /opt/airflow/dags/dbt_mart_creation.py for tasks to queue
[2025-01-23T15:21:26.391+0000] {logging_mixin.py:190} INFO - [2025-01-23T15:21:26.390+0000] {dagbag.py:588} INFO - Filling up the DagBag from /opt/airflow/dags/dbt_mart_creation.py
[2025-01-23T15:21:26.411+0000] {processor.py:925} INFO - DAG(s) 'dbt_mart_test_example' retrieved from /opt/airflow/dags/dbt_mart_creation.py
[2025-01-23T15:21:26.442+0000] {logging_mixin.py:190} INFO - [2025-01-23T15:21:26.441+0000] {dag.py:3239} INFO - Sync 1 DAGs
[2025-01-23T15:21:26.455+0000] {logging_mixin.py:190} INFO - [2025-01-23T15:21:26.455+0000] {dag.py:4180} INFO - Setting next_dagrun for dbt_mart_test_example to 2025-01-23 00:00:00+00:00, run_after=2025-01-24 00:00:00+00:00
[2025-01-23T15:21:26.468+0000] {processor.py:208} INFO - Processing /opt/airflow/dags/dbt_mart_creation.py took 0.095 seconds
[2025-01-23T15:21:56.955+0000] {processor.py:186} INFO - Started process (PID=23215) to work on /opt/airflow/dags/dbt_mart_creation.py
[2025-01-23T15:21:56.957+0000] {processor.py:914} INFO - Processing file /opt/airflow/dags/dbt_mart_creation.py for tasks to queue
[2025-01-23T15:21:56.961+0000] {logging_mixin.py:190} INFO - [2025-01-23T15:21:56.961+0000] {dagbag.py:588} INFO - Filling up the DagBag from /opt/airflow/dags/dbt_mart_creation.py
[2025-01-23T15:21:56.974+0000] {processor.py:925} INFO - DAG(s) 'dbt_mart_test_example' retrieved from /opt/airflow/dags/dbt_mart_creation.py
[2025-01-23T15:21:57.001+0000] {logging_mixin.py:190} INFO - [2025-01-23T15:21:57.000+0000] {dag.py:3239} INFO - Sync 1 DAGs
[2025-01-23T15:21:57.013+0000] {logging_mixin.py:190} INFO - [2025-01-23T15:21:57.013+0000] {dag.py:4180} INFO - Setting next_dagrun for dbt_mart_test_example to 2025-01-23 00:00:00+00:00, run_after=2025-01-24 00:00:00+00:00
[2025-01-23T15:21:57.023+0000] {processor.py:208} INFO - Processing /opt/airflow/dags/dbt_mart_creation.py took 0.077 seconds
[2025-01-23T15:22:27.394+0000] {processor.py:186} INFO - Started process (PID=23225) to work on /opt/airflow/dags/dbt_mart_creation.py
[2025-01-23T15:22:27.395+0000] {processor.py:914} INFO - Processing file /opt/airflow/dags/dbt_mart_creation.py for tasks to queue
[2025-01-23T15:22:27.398+0000] {logging_mixin.py:190} INFO - [2025-01-23T15:22:27.398+0000] {dagbag.py:588} INFO - Filling up the DagBag from /opt/airflow/dags/dbt_mart_creation.py
[2025-01-23T15:22:27.408+0000] {processor.py:925} INFO - DAG(s) 'dbt_mart_test_example' retrieved from /opt/airflow/dags/dbt_mart_creation.py
[2025-01-23T15:22:27.425+0000] {logging_mixin.py:190} INFO - [2025-01-23T15:22:27.425+0000] {dag.py:3239} INFO - Sync 1 DAGs
[2025-01-23T15:22:27.438+0000] {logging_mixin.py:190} INFO - [2025-01-23T15:22:27.438+0000] {dag.py:4180} INFO - Setting next_dagrun for dbt_mart_test_example to 2025-01-23 00:00:00+00:00, run_after=2025-01-24 00:00:00+00:00
[2025-01-23T15:22:27.447+0000] {processor.py:208} INFO - Processing /opt/airflow/dags/dbt_mart_creation.py took 0.061 seconds
[2025-01-23T15:22:57.696+0000] {processor.py:186} INFO - Started process (PID=23235) to work on /opt/airflow/dags/dbt_mart_creation.py
[2025-01-23T15:22:57.698+0000] {processor.py:914} INFO - Processing file /opt/airflow/dags/dbt_mart_creation.py for tasks to queue
[2025-01-23T15:22:57.702+0000] {logging_mixin.py:190} INFO - [2025-01-23T15:22:57.701+0000] {dagbag.py:588} INFO - Filling up the DagBag from /opt/airflow/dags/dbt_mart_creation.py
[2025-01-23T15:22:57.715+0000] {processor.py:925} INFO - DAG(s) 'dbt_mart_test_example' retrieved from /opt/airflow/dags/dbt_mart_creation.py
[2025-01-23T15:22:57.737+0000] {logging_mixin.py:190} INFO - [2025-01-23T15:22:57.736+0000] {dag.py:3239} INFO - Sync 1 DAGs
[2025-01-23T15:22:57.759+0000] {logging_mixin.py:190} INFO - [2025-01-23T15:22:57.758+0000] {dag.py:4180} INFO - Setting next_dagrun for dbt_mart_test_example to 2025-01-23 00:00:00+00:00, run_after=2025-01-24 00:00:00+00:00
[2025-01-23T15:22:57.782+0000] {processor.py:208} INFO - Processing /opt/airflow/dags/dbt_mart_creation.py took 0.094 seconds
[2025-01-23T15:23:28.267+0000] {processor.py:186} INFO - Started process (PID=23245) to work on /opt/airflow/dags/dbt_mart_creation.py
[2025-01-23T15:23:28.270+0000] {processor.py:914} INFO - Processing file /opt/airflow/dags/dbt_mart_creation.py for tasks to queue
[2025-01-23T15:23:28.276+0000] {logging_mixin.py:190} INFO - [2025-01-23T15:23:28.275+0000] {dagbag.py:588} INFO - Filling up the DagBag from /opt/airflow/dags/dbt_mart_creation.py
[2025-01-23T15:23:28.293+0000] {processor.py:925} INFO - DAG(s) 'dbt_mart_test_example' retrieved from /opt/airflow/dags/dbt_mart_creation.py
[2025-01-23T15:23:28.316+0000] {logging_mixin.py:190} INFO - [2025-01-23T15:23:28.316+0000] {dag.py:3239} INFO - Sync 1 DAGs
[2025-01-23T15:23:28.333+0000] {logging_mixin.py:190} INFO - [2025-01-23T15:23:28.333+0000] {dag.py:4180} INFO - Setting next_dagrun for dbt_mart_test_example to 2025-01-23 00:00:00+00:00, run_after=2025-01-24 00:00:00+00:00
[2025-01-23T15:23:28.349+0000] {processor.py:208} INFO - Processing /opt/airflow/dags/dbt_mart_creation.py took 0.096 seconds
[2025-01-23T15:23:58.760+0000] {processor.py:186} INFO - Started process (PID=23255) to work on /opt/airflow/dags/dbt_mart_creation.py
[2025-01-23T15:23:58.764+0000] {processor.py:914} INFO - Processing file /opt/airflow/dags/dbt_mart_creation.py for tasks to queue
[2025-01-23T15:23:58.767+0000] {logging_mixin.py:190} INFO - [2025-01-23T15:23:58.767+0000] {dagbag.py:588} INFO - Filling up the DagBag from /opt/airflow/dags/dbt_mart_creation.py
[2025-01-23T15:23:58.780+0000] {processor.py:925} INFO - DAG(s) 'dbt_mart_test_example' retrieved from /opt/airflow/dags/dbt_mart_creation.py
[2025-01-23T15:23:58.798+0000] {logging_mixin.py:190} INFO - [2025-01-23T15:23:58.797+0000] {dag.py:3239} INFO - Sync 1 DAGs
[2025-01-23T15:23:58.811+0000] {logging_mixin.py:190} INFO - [2025-01-23T15:23:58.810+0000] {dag.py:4180} INFO - Setting next_dagrun for dbt_mart_test_example to 2025-01-23 00:00:00+00:00, run_after=2025-01-24 00:00:00+00:00
[2025-01-23T15:23:58.820+0000] {processor.py:208} INFO - Processing /opt/airflow/dags/dbt_mart_creation.py took 0.068 seconds
[2025-01-23T15:24:29.201+0000] {processor.py:186} INFO - Started process (PID=23265) to work on /opt/airflow/dags/dbt_mart_creation.py
[2025-01-23T15:24:29.203+0000] {processor.py:914} INFO - Processing file /opt/airflow/dags/dbt_mart_creation.py for tasks to queue
[2025-01-23T15:24:29.207+0000] {logging_mixin.py:190} INFO - [2025-01-23T15:24:29.207+0000] {dagbag.py:588} INFO - Filling up the DagBag from /opt/airflow/dags/dbt_mart_creation.py
[2025-01-23T15:24:29.222+0000] {processor.py:925} INFO - DAG(s) 'dbt_mart_test_example' retrieved from /opt/airflow/dags/dbt_mart_creation.py
[2025-01-23T15:24:29.252+0000] {logging_mixin.py:190} INFO - [2025-01-23T15:24:29.252+0000] {dag.py:3239} INFO - Sync 1 DAGs
[2025-01-23T15:24:29.266+0000] {logging_mixin.py:190} INFO - [2025-01-23T15:24:29.265+0000] {dag.py:4180} INFO - Setting next_dagrun for dbt_mart_test_example to 2025-01-23 00:00:00+00:00, run_after=2025-01-24 00:00:00+00:00
[2025-01-23T15:24:29.276+0000] {processor.py:208} INFO - Processing /opt/airflow/dags/dbt_mart_creation.py took 0.084 seconds
[2025-01-23T15:24:59.762+0000] {processor.py:186} INFO - Started process (PID=23275) to work on /opt/airflow/dags/dbt_mart_creation.py
[2025-01-23T15:24:59.764+0000] {processor.py:914} INFO - Processing file /opt/airflow/dags/dbt_mart_creation.py for tasks to queue
[2025-01-23T15:24:59.770+0000] {logging_mixin.py:190} INFO - [2025-01-23T15:24:59.770+0000] {dagbag.py:588} INFO - Filling up the DagBag from /opt/airflow/dags/dbt_mart_creation.py
[2025-01-23T15:24:59.786+0000] {processor.py:925} INFO - DAG(s) 'dbt_mart_test_example' retrieved from /opt/airflow/dags/dbt_mart_creation.py
[2025-01-23T15:24:59.813+0000] {logging_mixin.py:190} INFO - [2025-01-23T15:24:59.813+0000] {dag.py:3239} INFO - Sync 1 DAGs
[2025-01-23T15:24:59.832+0000] {logging_mixin.py:190} INFO - [2025-01-23T15:24:59.832+0000] {dag.py:4180} INFO - Setting next_dagrun for dbt_mart_test_example to 2025-01-23 00:00:00+00:00, run_after=2025-01-24 00:00:00+00:00
[2025-01-23T15:24:59.846+0000] {processor.py:208} INFO - Processing /opt/airflow/dags/dbt_mart_creation.py took 0.104 seconds
