[2025-01-23T09:55:50.247+0000] {processor.py:186} INFO - Started process (PID=19604) to work on /opt/airflow/dags/dbt_process.py
[2025-01-23T09:55:50.250+0000] {processor.py:914} INFO - Processing file /opt/airflow/dags/dbt_process.py for tasks to queue
[2025-01-23T09:55:50.252+0000] {logging_mixin.py:190} INFO - [2025-01-23T09:55:50.252+0000] {dagbag.py:588} INFO - Filling up the DagBag from /opt/airflow/dags/dbt_process.py
[2025-01-23T09:55:50.294+0000] {processor.py:925} INFO - DAG(s) 'elt_dbt' retrieved from /opt/airflow/dags/dbt_process.py
[2025-01-23T09:55:50.511+0000] {logging_mixin.py:190} INFO - [2025-01-23T09:55:50.509+0000] {override.py:1911} INFO - Created Permission View: can delete on DAG:elt_dbt
[2025-01-23T09:55:50.518+0000] {logging_mixin.py:190} INFO - [2025-01-23T09:55:50.518+0000] {override.py:1911} INFO - Created Permission View: can read on DAG:elt_dbt
[2025-01-23T09:55:50.525+0000] {logging_mixin.py:190} INFO - [2025-01-23T09:55:50.525+0000] {override.py:1911} INFO - Created Permission View: can edit on DAG:elt_dbt
[2025-01-23T09:55:50.532+0000] {logging_mixin.py:190} INFO - [2025-01-23T09:55:50.532+0000] {override.py:1911} INFO - Created Permission View: can delete on DAG Run:elt_dbt
[2025-01-23T09:55:50.539+0000] {logging_mixin.py:190} INFO - [2025-01-23T09:55:50.539+0000] {override.py:1911} INFO - Created Permission View: can read on DAG Run:elt_dbt
[2025-01-23T09:55:50.544+0000] {logging_mixin.py:190} INFO - [2025-01-23T09:55:50.544+0000] {override.py:1911} INFO - Created Permission View: can create on DAG Run:elt_dbt
[2025-01-23T09:55:50.549+0000] {logging_mixin.py:190} INFO - [2025-01-23T09:55:50.549+0000] {override.py:1911} INFO - Created Permission View: menu access on DAG Run:elt_dbt
[2025-01-23T09:55:50.549+0000] {logging_mixin.py:190} INFO - [2025-01-23T09:55:50.549+0000] {dag.py:3239} INFO - Sync 1 DAGs
[2025-01-23T09:55:50.559+0000] {logging_mixin.py:190} INFO - [2025-01-23T09:55:50.559+0000] {dag.py:3262} INFO - Creating ORM DAG for elt_dbt
[2025-01-23T09:55:50.568+0000] {logging_mixin.py:190} INFO - [2025-01-23T09:55:50.568+0000] {dag.py:4180} INFO - Setting next_dagrun for elt_dbt to 2025-01-22 00:00:00+00:00, run_after=2025-01-23 00:00:00+00:00
[2025-01-23T09:55:50.585+0000] {processor.py:208} INFO - Processing /opt/airflow/dags/dbt_process.py took 0.358 seconds
[2025-01-23T09:56:20.698+0000] {processor.py:186} INFO - Started process (PID=19612) to work on /opt/airflow/dags/dbt_process.py
[2025-01-23T09:56:20.700+0000] {processor.py:914} INFO - Processing file /opt/airflow/dags/dbt_process.py for tasks to queue
[2025-01-23T09:56:20.702+0000] {logging_mixin.py:190} INFO - [2025-01-23T09:56:20.701+0000] {dagbag.py:588} INFO - Filling up the DagBag from /opt/airflow/dags/dbt_process.py
[2025-01-23T09:56:20.720+0000] {processor.py:925} INFO - DAG(s) 'elt_dbt' retrieved from /opt/airflow/dags/dbt_process.py
[2025-01-23T09:56:20.749+0000] {logging_mixin.py:190} INFO - [2025-01-23T09:56:20.748+0000] {dag.py:3239} INFO - Sync 1 DAGs
[2025-01-23T09:56:20.796+0000] {logging_mixin.py:190} INFO - [2025-01-23T09:56:20.796+0000] {dag.py:4180} INFO - Setting next_dagrun for elt_dbt to 2025-01-23 00:00:00+00:00, run_after=2025-01-24 00:00:00+00:00
[2025-01-23T09:56:20.814+0000] {processor.py:208} INFO - Processing /opt/airflow/dags/dbt_process.py took 0.128 seconds
[2025-01-23T09:56:51.102+0000] {processor.py:186} INFO - Started process (PID=19620) to work on /opt/airflow/dags/dbt_process.py
[2025-01-23T09:56:51.104+0000] {processor.py:914} INFO - Processing file /opt/airflow/dags/dbt_process.py for tasks to queue
[2025-01-23T09:56:51.106+0000] {logging_mixin.py:190} INFO - [2025-01-23T09:56:51.105+0000] {dagbag.py:588} INFO - Filling up the DagBag from /opt/airflow/dags/dbt_process.py
[2025-01-23T09:56:51.120+0000] {processor.py:925} INFO - DAG(s) 'elt_dbt' retrieved from /opt/airflow/dags/dbt_process.py
[2025-01-23T09:56:51.150+0000] {logging_mixin.py:190} INFO - [2025-01-23T09:56:51.149+0000] {dag.py:3239} INFO - Sync 1 DAGs
[2025-01-23T09:56:51.174+0000] {logging_mixin.py:190} INFO - [2025-01-23T09:56:51.174+0000] {dag.py:4180} INFO - Setting next_dagrun for elt_dbt to 2025-01-23 00:00:00+00:00, run_after=2025-01-24 00:00:00+00:00
[2025-01-23T09:56:51.189+0000] {processor.py:208} INFO - Processing /opt/airflow/dags/dbt_process.py took 0.094 seconds
[2025-01-23T09:56:53.178+0000] {processor.py:186} INFO - Started process (PID=19621) to work on /opt/airflow/dags/dbt_process.py
[2025-01-23T09:56:53.178+0000] {processor.py:914} INFO - Processing file /opt/airflow/dags/dbt_process.py for tasks to queue
[2025-01-23T09:56:53.179+0000] {logging_mixin.py:190} INFO - [2025-01-23T09:56:53.179+0000] {dagbag.py:588} INFO - Filling up the DagBag from /opt/airflow/dags/dbt_process.py
[2025-01-23T09:56:53.187+0000] {processor.py:925} INFO - DAG(s) 'elt_dbt' retrieved from /opt/airflow/dags/dbt_process.py
[2025-01-23T09:56:53.207+0000] {logging_mixin.py:190} INFO - [2025-01-23T09:56:53.207+0000] {dag.py:3239} INFO - Sync 1 DAGs
[2025-01-23T09:56:53.227+0000] {logging_mixin.py:190} INFO - [2025-01-23T09:56:53.227+0000] {dag.py:4180} INFO - Setting next_dagrun for elt_dbt to 2025-01-23 00:00:00+00:00, run_after=2025-01-24 00:00:00+00:00
[2025-01-23T09:56:53.242+0000] {processor.py:208} INFO - Processing /opt/airflow/dags/dbt_process.py took 0.069 seconds
[2025-01-23T09:57:23.650+0000] {processor.py:186} INFO - Started process (PID=19629) to work on /opt/airflow/dags/dbt_process.py
[2025-01-23T09:57:23.653+0000] {processor.py:914} INFO - Processing file /opt/airflow/dags/dbt_process.py for tasks to queue
[2025-01-23T09:57:23.656+0000] {logging_mixin.py:190} INFO - [2025-01-23T09:57:23.655+0000] {dagbag.py:588} INFO - Filling up the DagBag from /opt/airflow/dags/dbt_process.py
[2025-01-23T09:57:23.678+0000] {processor.py:925} INFO - DAG(s) 'elt_dbt' retrieved from /opt/airflow/dags/dbt_process.py
[2025-01-23T09:57:23.707+0000] {logging_mixin.py:190} INFO - [2025-01-23T09:57:23.707+0000] {dag.py:3239} INFO - Sync 1 DAGs
[2025-01-23T09:57:23.726+0000] {logging_mixin.py:190} INFO - [2025-01-23T09:57:23.726+0000] {dag.py:4180} INFO - Setting next_dagrun for elt_dbt to 2025-01-23 00:00:00+00:00, run_after=2025-01-24 00:00:00+00:00
[2025-01-23T09:57:23.741+0000] {processor.py:208} INFO - Processing /opt/airflow/dags/dbt_process.py took 0.106 seconds
[2025-01-23T09:57:54.067+0000] {processor.py:186} INFO - Started process (PID=19638) to work on /opt/airflow/dags/dbt_process.py
[2025-01-23T09:57:54.070+0000] {processor.py:914} INFO - Processing file /opt/airflow/dags/dbt_process.py for tasks to queue
[2025-01-23T09:57:54.074+0000] {logging_mixin.py:190} INFO - [2025-01-23T09:57:54.073+0000] {dagbag.py:588} INFO - Filling up the DagBag from /opt/airflow/dags/dbt_process.py
[2025-01-23T09:57:54.096+0000] {processor.py:925} INFO - DAG(s) 'elt_dbt' retrieved from /opt/airflow/dags/dbt_process.py
[2025-01-23T09:57:54.126+0000] {logging_mixin.py:190} INFO - [2025-01-23T09:57:54.126+0000] {dag.py:3239} INFO - Sync 1 DAGs
[2025-01-23T09:57:54.146+0000] {logging_mixin.py:190} INFO - [2025-01-23T09:57:54.146+0000] {dag.py:4180} INFO - Setting next_dagrun for elt_dbt to 2025-01-23 00:00:00+00:00, run_after=2025-01-24 00:00:00+00:00
[2025-01-23T09:57:54.159+0000] {processor.py:208} INFO - Processing /opt/airflow/dags/dbt_process.py took 0.103 seconds
[2025-01-23T09:58:24.410+0000] {processor.py:186} INFO - Started process (PID=19646) to work on /opt/airflow/dags/dbt_process.py
[2025-01-23T09:58:24.411+0000] {processor.py:914} INFO - Processing file /opt/airflow/dags/dbt_process.py for tasks to queue
[2025-01-23T09:58:24.412+0000] {logging_mixin.py:190} INFO - [2025-01-23T09:58:24.412+0000] {dagbag.py:588} INFO - Filling up the DagBag from /opt/airflow/dags/dbt_process.py
[2025-01-23T09:58:24.424+0000] {processor.py:925} INFO - DAG(s) 'elt_dbt' retrieved from /opt/airflow/dags/dbt_process.py
[2025-01-23T09:58:24.456+0000] {logging_mixin.py:190} INFO - [2025-01-23T09:58:24.455+0000] {dag.py:3239} INFO - Sync 1 DAGs
[2025-01-23T09:58:24.484+0000] {logging_mixin.py:190} INFO - [2025-01-23T09:58:24.483+0000] {dag.py:4180} INFO - Setting next_dagrun for elt_dbt to 2025-01-23 00:00:00+00:00, run_after=2025-01-24 00:00:00+00:00
[2025-01-23T09:58:24.499+0000] {processor.py:208} INFO - Processing /opt/airflow/dags/dbt_process.py took 0.103 seconds
[2025-01-23T09:58:54.835+0000] {processor.py:186} INFO - Started process (PID=19654) to work on /opt/airflow/dags/dbt_process.py
[2025-01-23T09:58:54.837+0000] {processor.py:914} INFO - Processing file /opt/airflow/dags/dbt_process.py for tasks to queue
[2025-01-23T09:58:54.838+0000] {logging_mixin.py:190} INFO - [2025-01-23T09:58:54.838+0000] {dagbag.py:588} INFO - Filling up the DagBag from /opt/airflow/dags/dbt_process.py
[2025-01-23T09:58:54.872+0000] {processor.py:925} INFO - DAG(s) 'elt_dbt' retrieved from /opt/airflow/dags/dbt_process.py
[2025-01-23T09:58:54.934+0000] {logging_mixin.py:190} INFO - [2025-01-23T09:58:54.934+0000] {dag.py:3239} INFO - Sync 1 DAGs
[2025-01-23T09:58:54.960+0000] {logging_mixin.py:190} INFO - [2025-01-23T09:58:54.960+0000] {dag.py:4180} INFO - Setting next_dagrun for elt_dbt to 2025-01-23 00:00:00+00:00, run_after=2025-01-24 00:00:00+00:00
[2025-01-23T09:58:54.977+0000] {processor.py:208} INFO - Processing /opt/airflow/dags/dbt_process.py took 0.159 seconds
[2025-01-23T09:59:25.352+0000] {processor.py:186} INFO - Started process (PID=19662) to work on /opt/airflow/dags/dbt_process.py
[2025-01-23T09:59:25.354+0000] {processor.py:914} INFO - Processing file /opt/airflow/dags/dbt_process.py for tasks to queue
[2025-01-23T09:59:25.356+0000] {logging_mixin.py:190} INFO - [2025-01-23T09:59:25.355+0000] {dagbag.py:588} INFO - Filling up the DagBag from /opt/airflow/dags/dbt_process.py
[2025-01-23T09:59:25.375+0000] {processor.py:925} INFO - DAG(s) 'elt_dbt' retrieved from /opt/airflow/dags/dbt_process.py
[2025-01-23T09:59:25.425+0000] {logging_mixin.py:190} INFO - [2025-01-23T09:59:25.424+0000] {dag.py:3239} INFO - Sync 1 DAGs
[2025-01-23T09:59:25.451+0000] {logging_mixin.py:190} INFO - [2025-01-23T09:59:25.451+0000] {dag.py:4180} INFO - Setting next_dagrun for elt_dbt to 2025-01-23 00:00:00+00:00, run_after=2025-01-24 00:00:00+00:00
[2025-01-23T09:59:25.470+0000] {processor.py:208} INFO - Processing /opt/airflow/dags/dbt_process.py took 0.135 seconds
[2025-01-23T09:59:55.849+0000] {processor.py:186} INFO - Started process (PID=19670) to work on /opt/airflow/dags/dbt_process.py
[2025-01-23T09:59:55.852+0000] {processor.py:914} INFO - Processing file /opt/airflow/dags/dbt_process.py for tasks to queue
[2025-01-23T09:59:55.855+0000] {logging_mixin.py:190} INFO - [2025-01-23T09:59:55.854+0000] {dagbag.py:588} INFO - Filling up the DagBag from /opt/airflow/dags/dbt_process.py
[2025-01-23T09:59:55.883+0000] {processor.py:925} INFO - DAG(s) 'elt_dbt' retrieved from /opt/airflow/dags/dbt_process.py
[2025-01-23T09:59:55.914+0000] {logging_mixin.py:190} INFO - [2025-01-23T09:59:55.913+0000] {dag.py:3239} INFO - Sync 1 DAGs
[2025-01-23T09:59:55.941+0000] {logging_mixin.py:190} INFO - [2025-01-23T09:59:55.940+0000] {dag.py:4180} INFO - Setting next_dagrun for elt_dbt to 2025-01-23 00:00:00+00:00, run_after=2025-01-24 00:00:00+00:00
[2025-01-23T09:59:55.961+0000] {processor.py:208} INFO - Processing /opt/airflow/dags/dbt_process.py took 0.136 seconds
[2025-01-23T10:00:26.288+0000] {processor.py:186} INFO - Started process (PID=19678) to work on /opt/airflow/dags/dbt_process.py
[2025-01-23T10:00:26.290+0000] {processor.py:914} INFO - Processing file /opt/airflow/dags/dbt_process.py for tasks to queue
[2025-01-23T10:00:26.292+0000] {logging_mixin.py:190} INFO - [2025-01-23T10:00:26.291+0000] {dagbag.py:588} INFO - Filling up the DagBag from /opt/airflow/dags/dbt_process.py
[2025-01-23T10:00:26.312+0000] {processor.py:925} INFO - DAG(s) 'elt_dbt' retrieved from /opt/airflow/dags/dbt_process.py
[2025-01-23T10:00:26.340+0000] {logging_mixin.py:190} INFO - [2025-01-23T10:00:26.339+0000] {dag.py:3239} INFO - Sync 1 DAGs
[2025-01-23T10:00:26.361+0000] {logging_mixin.py:190} INFO - [2025-01-23T10:00:26.360+0000] {dag.py:4180} INFO - Setting next_dagrun for elt_dbt to 2025-01-23 00:00:00+00:00, run_after=2025-01-24 00:00:00+00:00
[2025-01-23T10:00:26.378+0000] {processor.py:208} INFO - Processing /opt/airflow/dags/dbt_process.py took 0.107 seconds
[2025-01-23T10:00:56.797+0000] {processor.py:186} INFO - Started process (PID=19686) to work on /opt/airflow/dags/dbt_process.py
[2025-01-23T10:00:56.799+0000] {processor.py:914} INFO - Processing file /opt/airflow/dags/dbt_process.py for tasks to queue
[2025-01-23T10:00:56.802+0000] {logging_mixin.py:190} INFO - [2025-01-23T10:00:56.802+0000] {dagbag.py:588} INFO - Filling up the DagBag from /opt/airflow/dags/dbt_process.py
[2025-01-23T10:00:56.820+0000] {processor.py:925} INFO - DAG(s) 'elt_dbt' retrieved from /opt/airflow/dags/dbt_process.py
[2025-01-23T10:00:56.855+0000] {logging_mixin.py:190} INFO - [2025-01-23T10:00:56.855+0000] {dag.py:3239} INFO - Sync 1 DAGs
[2025-01-23T10:00:56.883+0000] {logging_mixin.py:190} INFO - [2025-01-23T10:00:56.883+0000] {dag.py:4180} INFO - Setting next_dagrun for elt_dbt to 2025-01-23 00:00:00+00:00, run_after=2025-01-24 00:00:00+00:00
[2025-01-23T10:00:56.901+0000] {processor.py:208} INFO - Processing /opt/airflow/dags/dbt_process.py took 0.122 seconds
[2025-01-23T10:01:27.121+0000] {processor.py:186} INFO - Started process (PID=19694) to work on /opt/airflow/dags/dbt_process.py
[2025-01-23T10:01:27.122+0000] {processor.py:914} INFO - Processing file /opt/airflow/dags/dbt_process.py for tasks to queue
[2025-01-23T10:01:27.124+0000] {logging_mixin.py:190} INFO - [2025-01-23T10:01:27.123+0000] {dagbag.py:588} INFO - Filling up the DagBag from /opt/airflow/dags/dbt_process.py
[2025-01-23T10:01:27.135+0000] {processor.py:925} INFO - DAG(s) 'elt_dbt' retrieved from /opt/airflow/dags/dbt_process.py
[2025-01-23T10:01:27.161+0000] {logging_mixin.py:190} INFO - [2025-01-23T10:01:27.161+0000] {dag.py:3239} INFO - Sync 1 DAGs
[2025-01-23T10:01:27.204+0000] {logging_mixin.py:190} INFO - [2025-01-23T10:01:27.204+0000] {dag.py:4180} INFO - Setting next_dagrun for elt_dbt to 2025-01-23 00:00:00+00:00, run_after=2025-01-24 00:00:00+00:00
[2025-01-23T10:01:27.221+0000] {processor.py:208} INFO - Processing /opt/airflow/dags/dbt_process.py took 0.112 seconds
[2025-01-23T10:01:57.561+0000] {processor.py:186} INFO - Started process (PID=19702) to work on /opt/airflow/dags/dbt_process.py
[2025-01-23T10:01:57.563+0000] {processor.py:914} INFO - Processing file /opt/airflow/dags/dbt_process.py for tasks to queue
[2025-01-23T10:01:57.564+0000] {logging_mixin.py:190} INFO - [2025-01-23T10:01:57.564+0000] {dagbag.py:588} INFO - Filling up the DagBag from /opt/airflow/dags/dbt_process.py
[2025-01-23T10:01:57.582+0000] {processor.py:925} INFO - DAG(s) 'elt_dbt' retrieved from /opt/airflow/dags/dbt_process.py
[2025-01-23T10:01:57.607+0000] {logging_mixin.py:190} INFO - [2025-01-23T10:01:57.607+0000] {dag.py:3239} INFO - Sync 1 DAGs
[2025-01-23T10:01:57.623+0000] {logging_mixin.py:190} INFO - [2025-01-23T10:01:57.623+0000] {dag.py:4180} INFO - Setting next_dagrun for elt_dbt to 2025-01-23 00:00:00+00:00, run_after=2025-01-24 00:00:00+00:00
[2025-01-23T10:01:57.635+0000] {processor.py:208} INFO - Processing /opt/airflow/dags/dbt_process.py took 0.088 seconds
[2025-01-23T10:02:28.072+0000] {processor.py:186} INFO - Started process (PID=19710) to work on /opt/airflow/dags/dbt_process.py
[2025-01-23T10:02:28.075+0000] {processor.py:914} INFO - Processing file /opt/airflow/dags/dbt_process.py for tasks to queue
[2025-01-23T10:02:28.077+0000] {logging_mixin.py:190} INFO - [2025-01-23T10:02:28.076+0000] {dagbag.py:588} INFO - Filling up the DagBag from /opt/airflow/dags/dbt_process.py
[2025-01-23T10:02:28.100+0000] {processor.py:925} INFO - DAG(s) 'elt_dbt' retrieved from /opt/airflow/dags/dbt_process.py
[2025-01-23T10:02:28.136+0000] {logging_mixin.py:190} INFO - [2025-01-23T10:02:28.135+0000] {dag.py:3239} INFO - Sync 1 DAGs
[2025-01-23T10:02:28.173+0000] {logging_mixin.py:190} INFO - [2025-01-23T10:02:28.172+0000] {dag.py:4180} INFO - Setting next_dagrun for elt_dbt to 2025-01-23 00:00:00+00:00, run_after=2025-01-24 00:00:00+00:00
[2025-01-23T10:02:28.193+0000] {processor.py:208} INFO - Processing /opt/airflow/dags/dbt_process.py took 0.132 seconds
[2025-01-23T10:02:58.582+0000] {processor.py:186} INFO - Started process (PID=19718) to work on /opt/airflow/dags/dbt_process.py
[2025-01-23T10:02:58.583+0000] {processor.py:914} INFO - Processing file /opt/airflow/dags/dbt_process.py for tasks to queue
[2025-01-23T10:02:58.584+0000] {logging_mixin.py:190} INFO - [2025-01-23T10:02:58.583+0000] {dagbag.py:588} INFO - Filling up the DagBag from /opt/airflow/dags/dbt_process.py
[2025-01-23T10:02:58.590+0000] {processor.py:925} INFO - DAG(s) 'elt_dbt' retrieved from /opt/airflow/dags/dbt_process.py
[2025-01-23T10:02:58.619+0000] {logging_mixin.py:190} INFO - [2025-01-23T10:02:58.618+0000] {dag.py:3239} INFO - Sync 1 DAGs
[2025-01-23T10:02:58.634+0000] {logging_mixin.py:190} INFO - [2025-01-23T10:02:58.634+0000] {dag.py:4180} INFO - Setting next_dagrun for elt_dbt to 2025-01-23 00:00:00+00:00, run_after=2025-01-24 00:00:00+00:00
[2025-01-23T10:02:58.663+0000] {processor.py:208} INFO - Processing /opt/airflow/dags/dbt_process.py took 0.089 seconds
[2025-01-23T10:03:29.013+0000] {processor.py:186} INFO - Started process (PID=19726) to work on /opt/airflow/dags/dbt_process.py
[2025-01-23T10:03:29.016+0000] {processor.py:914} INFO - Processing file /opt/airflow/dags/dbt_process.py for tasks to queue
[2025-01-23T10:03:29.017+0000] {logging_mixin.py:190} INFO - [2025-01-23T10:03:29.017+0000] {dagbag.py:588} INFO - Filling up the DagBag from /opt/airflow/dags/dbt_process.py
[2025-01-23T10:03:29.031+0000] {processor.py:925} INFO - DAG(s) 'elt_dbt' retrieved from /opt/airflow/dags/dbt_process.py
[2025-01-23T10:03:29.066+0000] {logging_mixin.py:190} INFO - [2025-01-23T10:03:29.066+0000] {dag.py:3239} INFO - Sync 1 DAGs
[2025-01-23T10:03:29.114+0000] {logging_mixin.py:190} INFO - [2025-01-23T10:03:29.114+0000] {dag.py:4180} INFO - Setting next_dagrun for elt_dbt to 2025-01-23 00:00:00+00:00, run_after=2025-01-24 00:00:00+00:00
[2025-01-23T10:03:29.135+0000] {processor.py:208} INFO - Processing /opt/airflow/dags/dbt_process.py took 0.136 seconds
[2025-01-23T10:03:59.525+0000] {processor.py:186} INFO - Started process (PID=19734) to work on /opt/airflow/dags/dbt_process.py
[2025-01-23T10:03:59.527+0000] {processor.py:914} INFO - Processing file /opt/airflow/dags/dbt_process.py for tasks to queue
[2025-01-23T10:03:59.528+0000] {logging_mixin.py:190} INFO - [2025-01-23T10:03:59.528+0000] {dagbag.py:588} INFO - Filling up the DagBag from /opt/airflow/dags/dbt_process.py
[2025-01-23T10:03:59.545+0000] {processor.py:925} INFO - DAG(s) 'elt_dbt' retrieved from /opt/airflow/dags/dbt_process.py
[2025-01-23T10:03:59.579+0000] {logging_mixin.py:190} INFO - [2025-01-23T10:03:59.579+0000] {dag.py:3239} INFO - Sync 1 DAGs
[2025-01-23T10:03:59.603+0000] {logging_mixin.py:190} INFO - [2025-01-23T10:03:59.603+0000] {dag.py:4180} INFO - Setting next_dagrun for elt_dbt to 2025-01-23 00:00:00+00:00, run_after=2025-01-24 00:00:00+00:00
[2025-01-23T10:03:59.624+0000] {processor.py:208} INFO - Processing /opt/airflow/dags/dbt_process.py took 0.108 seconds
[2025-01-23T10:04:29.951+0000] {processor.py:186} INFO - Started process (PID=19742) to work on /opt/airflow/dags/dbt_process.py
[2025-01-23T10:04:29.953+0000] {processor.py:914} INFO - Processing file /opt/airflow/dags/dbt_process.py for tasks to queue
[2025-01-23T10:04:29.955+0000] {logging_mixin.py:190} INFO - [2025-01-23T10:04:29.954+0000] {dagbag.py:588} INFO - Filling up the DagBag from /opt/airflow/dags/dbt_process.py
[2025-01-23T10:04:29.969+0000] {processor.py:925} INFO - DAG(s) 'elt_dbt' retrieved from /opt/airflow/dags/dbt_process.py
[2025-01-23T10:04:29.998+0000] {logging_mixin.py:190} INFO - [2025-01-23T10:04:29.997+0000] {dag.py:3239} INFO - Sync 1 DAGs
[2025-01-23T10:04:30.017+0000] {logging_mixin.py:190} INFO - [2025-01-23T10:04:30.017+0000] {dag.py:4180} INFO - Setting next_dagrun for elt_dbt to 2025-01-23 00:00:00+00:00, run_after=2025-01-24 00:00:00+00:00
[2025-01-23T10:04:30.032+0000] {processor.py:208} INFO - Processing /opt/airflow/dags/dbt_process.py took 0.089 seconds
[2025-01-23T10:05:00.289+0000] {processor.py:186} INFO - Started process (PID=19750) to work on /opt/airflow/dags/dbt_process.py
[2025-01-23T10:05:00.291+0000] {processor.py:914} INFO - Processing file /opt/airflow/dags/dbt_process.py for tasks to queue
[2025-01-23T10:05:00.293+0000] {logging_mixin.py:190} INFO - [2025-01-23T10:05:00.293+0000] {dagbag.py:588} INFO - Filling up the DagBag from /opt/airflow/dags/dbt_process.py
[2025-01-23T10:05:00.303+0000] {processor.py:925} INFO - DAG(s) 'elt_dbt' retrieved from /opt/airflow/dags/dbt_process.py
[2025-01-23T10:05:00.340+0000] {logging_mixin.py:190} INFO - [2025-01-23T10:05:00.340+0000] {dag.py:3239} INFO - Sync 1 DAGs
[2025-01-23T10:05:00.367+0000] {logging_mixin.py:190} INFO - [2025-01-23T10:05:00.367+0000] {dag.py:4180} INFO - Setting next_dagrun for elt_dbt to 2025-01-23 00:00:00+00:00, run_after=2025-01-24 00:00:00+00:00
[2025-01-23T10:05:00.383+0000] {processor.py:208} INFO - Processing /opt/airflow/dags/dbt_process.py took 0.099 seconds
[2025-01-23T10:05:30.764+0000] {processor.py:186} INFO - Started process (PID=19758) to work on /opt/airflow/dags/dbt_process.py
[2025-01-23T10:05:30.768+0000] {processor.py:914} INFO - Processing file /opt/airflow/dags/dbt_process.py for tasks to queue
[2025-01-23T10:05:30.771+0000] {logging_mixin.py:190} INFO - [2025-01-23T10:05:30.770+0000] {dagbag.py:588} INFO - Filling up the DagBag from /opt/airflow/dags/dbt_process.py
[2025-01-23T10:05:30.815+0000] {processor.py:925} INFO - DAG(s) 'elt_dbt' retrieved from /opt/airflow/dags/dbt_process.py
[2025-01-23T10:05:30.847+0000] {logging_mixin.py:190} INFO - [2025-01-23T10:05:30.847+0000] {dag.py:3239} INFO - Sync 1 DAGs
[2025-01-23T10:05:30.873+0000] {logging_mixin.py:190} INFO - [2025-01-23T10:05:30.873+0000] {dag.py:4180} INFO - Setting next_dagrun for elt_dbt to 2025-01-23 00:00:00+00:00, run_after=2025-01-24 00:00:00+00:00
[2025-01-23T10:05:30.889+0000] {processor.py:208} INFO - Processing /opt/airflow/dags/dbt_process.py took 0.148 seconds
[2025-01-23T10:06:01.305+0000] {processor.py:186} INFO - Started process (PID=19766) to work on /opt/airflow/dags/dbt_process.py
[2025-01-23T10:06:01.307+0000] {processor.py:914} INFO - Processing file /opt/airflow/dags/dbt_process.py for tasks to queue
[2025-01-23T10:06:01.309+0000] {logging_mixin.py:190} INFO - [2025-01-23T10:06:01.308+0000] {dagbag.py:588} INFO - Filling up the DagBag from /opt/airflow/dags/dbt_process.py
[2025-01-23T10:06:01.323+0000] {processor.py:925} INFO - DAG(s) 'elt_dbt' retrieved from /opt/airflow/dags/dbt_process.py
[2025-01-23T10:06:01.366+0000] {logging_mixin.py:190} INFO - [2025-01-23T10:06:01.365+0000] {dag.py:3239} INFO - Sync 1 DAGs
[2025-01-23T10:06:01.391+0000] {logging_mixin.py:190} INFO - [2025-01-23T10:06:01.391+0000] {dag.py:4180} INFO - Setting next_dagrun for elt_dbt to 2025-01-23 00:00:00+00:00, run_after=2025-01-24 00:00:00+00:00
[2025-01-23T10:06:01.407+0000] {processor.py:208} INFO - Processing /opt/airflow/dags/dbt_process.py took 0.113 seconds
[2025-01-23T10:06:31.793+0000] {processor.py:186} INFO - Started process (PID=19774) to work on /opt/airflow/dags/dbt_process.py
[2025-01-23T10:06:31.796+0000] {processor.py:914} INFO - Processing file /opt/airflow/dags/dbt_process.py for tasks to queue
[2025-01-23T10:06:31.798+0000] {logging_mixin.py:190} INFO - [2025-01-23T10:06:31.798+0000] {dagbag.py:588} INFO - Filling up the DagBag from /opt/airflow/dags/dbt_process.py
[2025-01-23T10:06:31.818+0000] {processor.py:925} INFO - DAG(s) 'elt_dbt' retrieved from /opt/airflow/dags/dbt_process.py
[2025-01-23T10:06:31.859+0000] {logging_mixin.py:190} INFO - [2025-01-23T10:06:31.859+0000] {dag.py:3239} INFO - Sync 1 DAGs
[2025-01-23T10:06:31.884+0000] {logging_mixin.py:190} INFO - [2025-01-23T10:06:31.884+0000] {dag.py:4180} INFO - Setting next_dagrun for elt_dbt to 2025-01-23 00:00:00+00:00, run_after=2025-01-24 00:00:00+00:00
[2025-01-23T10:06:31.898+0000] {processor.py:208} INFO - Processing /opt/airflow/dags/dbt_process.py took 0.114 seconds
[2025-01-23T10:07:02.223+0000] {processor.py:186} INFO - Started process (PID=19781) to work on /opt/airflow/dags/dbt_process.py
[2025-01-23T10:07:02.225+0000] {processor.py:914} INFO - Processing file /opt/airflow/dags/dbt_process.py for tasks to queue
[2025-01-23T10:07:02.228+0000] {logging_mixin.py:190} INFO - [2025-01-23T10:07:02.227+0000] {dagbag.py:588} INFO - Filling up the DagBag from /opt/airflow/dags/dbt_process.py
[2025-01-23T10:07:02.258+0000] {processor.py:925} INFO - DAG(s) 'elt_dbt' retrieved from /opt/airflow/dags/dbt_process.py
[2025-01-23T10:07:02.313+0000] {logging_mixin.py:190} INFO - [2025-01-23T10:07:02.313+0000] {dag.py:3239} INFO - Sync 1 DAGs
[2025-01-23T10:07:02.337+0000] {logging_mixin.py:190} INFO - [2025-01-23T10:07:02.337+0000] {dag.py:4180} INFO - Setting next_dagrun for elt_dbt to 2025-01-23 00:00:00+00:00, run_after=2025-01-24 00:00:00+00:00
[2025-01-23T10:07:02.356+0000] {processor.py:208} INFO - Processing /opt/airflow/dags/dbt_process.py took 0.146 seconds
[2025-01-23T10:07:32.679+0000] {processor.py:186} INFO - Started process (PID=19789) to work on /opt/airflow/dags/dbt_process.py
[2025-01-23T10:07:32.681+0000] {processor.py:914} INFO - Processing file /opt/airflow/dags/dbt_process.py for tasks to queue
[2025-01-23T10:07:32.682+0000] {logging_mixin.py:190} INFO - [2025-01-23T10:07:32.682+0000] {dagbag.py:588} INFO - Filling up the DagBag from /opt/airflow/dags/dbt_process.py
[2025-01-23T10:07:32.726+0000] {processor.py:925} INFO - DAG(s) 'elt_dbt' retrieved from /opt/airflow/dags/dbt_process.py
[2025-01-23T10:07:32.766+0000] {logging_mixin.py:190} INFO - [2025-01-23T10:07:32.766+0000] {dag.py:3239} INFO - Sync 1 DAGs
[2025-01-23T10:07:32.788+0000] {logging_mixin.py:190} INFO - [2025-01-23T10:07:32.788+0000] {dag.py:4180} INFO - Setting next_dagrun for elt_dbt to 2025-01-23 00:00:00+00:00, run_after=2025-01-24 00:00:00+00:00
[2025-01-23T10:07:32.809+0000] {processor.py:208} INFO - Processing /opt/airflow/dags/dbt_process.py took 0.142 seconds
[2025-01-23T10:08:03.171+0000] {processor.py:186} INFO - Started process (PID=19797) to work on /opt/airflow/dags/dbt_process.py
[2025-01-23T10:08:03.175+0000] {processor.py:914} INFO - Processing file /opt/airflow/dags/dbt_process.py for tasks to queue
[2025-01-23T10:08:03.180+0000] {logging_mixin.py:190} INFO - [2025-01-23T10:08:03.179+0000] {dagbag.py:588} INFO - Filling up the DagBag from /opt/airflow/dags/dbt_process.py
[2025-01-23T10:08:03.202+0000] {processor.py:925} INFO - DAG(s) 'elt_dbt' retrieved from /opt/airflow/dags/dbt_process.py
[2025-01-23T10:08:03.263+0000] {logging_mixin.py:190} INFO - [2025-01-23T10:08:03.263+0000] {dag.py:3239} INFO - Sync 1 DAGs
[2025-01-23T10:08:03.288+0000] {logging_mixin.py:190} INFO - [2025-01-23T10:08:03.288+0000] {dag.py:4180} INFO - Setting next_dagrun for elt_dbt to 2025-01-23 00:00:00+00:00, run_after=2025-01-24 00:00:00+00:00
[2025-01-23T10:08:03.302+0000] {processor.py:208} INFO - Processing /opt/airflow/dags/dbt_process.py took 0.145 seconds
[2025-01-23T10:08:33.747+0000] {processor.py:186} INFO - Started process (PID=19805) to work on /opt/airflow/dags/dbt_process.py
[2025-01-23T10:08:33.751+0000] {processor.py:914} INFO - Processing file /opt/airflow/dags/dbt_process.py for tasks to queue
[2025-01-23T10:08:33.753+0000] {logging_mixin.py:190} INFO - [2025-01-23T10:08:33.753+0000] {dagbag.py:588} INFO - Filling up the DagBag from /opt/airflow/dags/dbt_process.py
[2025-01-23T10:08:33.783+0000] {processor.py:925} INFO - DAG(s) 'elt_dbt' retrieved from /opt/airflow/dags/dbt_process.py
[2025-01-23T10:08:33.824+0000] {logging_mixin.py:190} INFO - [2025-01-23T10:08:33.824+0000] {dag.py:3239} INFO - Sync 1 DAGs
[2025-01-23T10:08:33.848+0000] {logging_mixin.py:190} INFO - [2025-01-23T10:08:33.848+0000] {dag.py:4180} INFO - Setting next_dagrun for elt_dbt to 2025-01-23 00:00:00+00:00, run_after=2025-01-24 00:00:00+00:00
[2025-01-23T10:08:33.864+0000] {processor.py:208} INFO - Processing /opt/airflow/dags/dbt_process.py took 0.143 seconds
[2025-01-23T10:09:04.221+0000] {processor.py:186} INFO - Started process (PID=19813) to work on /opt/airflow/dags/dbt_process.py
[2025-01-23T10:09:04.223+0000] {processor.py:914} INFO - Processing file /opt/airflow/dags/dbt_process.py for tasks to queue
[2025-01-23T10:09:04.224+0000] {logging_mixin.py:190} INFO - [2025-01-23T10:09:04.224+0000] {dagbag.py:588} INFO - Filling up the DagBag from /opt/airflow/dags/dbt_process.py
[2025-01-23T10:09:04.239+0000] {processor.py:925} INFO - DAG(s) 'elt_dbt' retrieved from /opt/airflow/dags/dbt_process.py
[2025-01-23T10:09:04.266+0000] {logging_mixin.py:190} INFO - [2025-01-23T10:09:04.265+0000] {dag.py:3239} INFO - Sync 1 DAGs
[2025-01-23T10:09:04.281+0000] {logging_mixin.py:190} INFO - [2025-01-23T10:09:04.281+0000] {dag.py:4180} INFO - Setting next_dagrun for elt_dbt to 2025-01-23 00:00:00+00:00, run_after=2025-01-24 00:00:00+00:00
[2025-01-23T10:09:04.292+0000] {processor.py:208} INFO - Processing /opt/airflow/dags/dbt_process.py took 0.087 seconds
[2025-01-23T10:09:34.615+0000] {processor.py:186} INFO - Started process (PID=19821) to work on /opt/airflow/dags/dbt_process.py
[2025-01-23T10:09:34.618+0000] {processor.py:914} INFO - Processing file /opt/airflow/dags/dbt_process.py for tasks to queue
[2025-01-23T10:09:34.619+0000] {logging_mixin.py:190} INFO - [2025-01-23T10:09:34.619+0000] {dagbag.py:588} INFO - Filling up the DagBag from /opt/airflow/dags/dbt_process.py
[2025-01-23T10:09:34.634+0000] {processor.py:925} INFO - DAG(s) 'elt_dbt' retrieved from /opt/airflow/dags/dbt_process.py
[2025-01-23T10:09:34.674+0000] {logging_mixin.py:190} INFO - [2025-01-23T10:09:34.674+0000] {dag.py:3239} INFO - Sync 1 DAGs
[2025-01-23T10:09:34.697+0000] {logging_mixin.py:190} INFO - [2025-01-23T10:09:34.697+0000] {dag.py:4180} INFO - Setting next_dagrun for elt_dbt to 2025-01-23 00:00:00+00:00, run_after=2025-01-24 00:00:00+00:00
[2025-01-23T10:09:34.710+0000] {processor.py:208} INFO - Processing /opt/airflow/dags/dbt_process.py took 0.105 seconds
[2025-01-23T10:10:05.109+0000] {processor.py:186} INFO - Started process (PID=19829) to work on /opt/airflow/dags/dbt_process.py
[2025-01-23T10:10:05.113+0000] {processor.py:914} INFO - Processing file /opt/airflow/dags/dbt_process.py for tasks to queue
[2025-01-23T10:10:05.117+0000] {logging_mixin.py:190} INFO - [2025-01-23T10:10:05.115+0000] {dagbag.py:588} INFO - Filling up the DagBag from /opt/airflow/dags/dbt_process.py
[2025-01-23T10:10:05.178+0000] {processor.py:925} INFO - DAG(s) 'elt_dbt' retrieved from /opt/airflow/dags/dbt_process.py
[2025-01-23T10:10:05.230+0000] {logging_mixin.py:190} INFO - [2025-01-23T10:10:05.229+0000] {dag.py:3239} INFO - Sync 1 DAGs
[2025-01-23T10:10:05.285+0000] {logging_mixin.py:190} INFO - [2025-01-23T10:10:05.285+0000] {dag.py:4180} INFO - Setting next_dagrun for elt_dbt to 2025-01-23 00:00:00+00:00, run_after=2025-01-24 00:00:00+00:00
[2025-01-23T10:10:05.309+0000] {processor.py:208} INFO - Processing /opt/airflow/dags/dbt_process.py took 0.236 seconds
[2025-01-23T10:10:35.641+0000] {processor.py:186} INFO - Started process (PID=19836) to work on /opt/airflow/dags/dbt_process.py
[2025-01-23T10:10:35.644+0000] {processor.py:914} INFO - Processing file /opt/airflow/dags/dbt_process.py for tasks to queue
[2025-01-23T10:10:35.646+0000] {logging_mixin.py:190} INFO - [2025-01-23T10:10:35.645+0000] {dagbag.py:588} INFO - Filling up the DagBag from /opt/airflow/dags/dbt_process.py
[2025-01-23T10:10:35.660+0000] {processor.py:925} INFO - DAG(s) 'elt_dbt' retrieved from /opt/airflow/dags/dbt_process.py
[2025-01-23T10:10:35.685+0000] {logging_mixin.py:190} INFO - [2025-01-23T10:10:35.685+0000] {dag.py:3239} INFO - Sync 1 DAGs
[2025-01-23T10:10:35.706+0000] {logging_mixin.py:190} INFO - [2025-01-23T10:10:35.706+0000] {dag.py:4180} INFO - Setting next_dagrun for elt_dbt to 2025-01-23 00:00:00+00:00, run_after=2025-01-24 00:00:00+00:00
[2025-01-23T10:10:35.726+0000] {processor.py:208} INFO - Processing /opt/airflow/dags/dbt_process.py took 0.095 seconds
[2025-01-23T10:11:06.064+0000] {processor.py:186} INFO - Started process (PID=19844) to work on /opt/airflow/dags/dbt_process.py
[2025-01-23T10:11:06.073+0000] {processor.py:914} INFO - Processing file /opt/airflow/dags/dbt_process.py for tasks to queue
[2025-01-23T10:11:06.075+0000] {logging_mixin.py:190} INFO - [2025-01-23T10:11:06.075+0000] {dagbag.py:588} INFO - Filling up the DagBag from /opt/airflow/dags/dbt_process.py
[2025-01-23T10:11:06.102+0000] {processor.py:925} INFO - DAG(s) 'elt_dbt' retrieved from /opt/airflow/dags/dbt_process.py
[2025-01-23T10:11:06.147+0000] {logging_mixin.py:190} INFO - [2025-01-23T10:11:06.147+0000] {dag.py:3239} INFO - Sync 1 DAGs
[2025-01-23T10:11:06.164+0000] {logging_mixin.py:190} INFO - [2025-01-23T10:11:06.164+0000] {dag.py:4180} INFO - Setting next_dagrun for elt_dbt to 2025-01-23 00:00:00+00:00, run_after=2025-01-24 00:00:00+00:00
[2025-01-23T10:11:06.184+0000] {processor.py:208} INFO - Processing /opt/airflow/dags/dbt_process.py took 0.138 seconds
[2025-01-23T10:11:36.523+0000] {processor.py:186} INFO - Started process (PID=19852) to work on /opt/airflow/dags/dbt_process.py
[2025-01-23T10:11:36.526+0000] {processor.py:914} INFO - Processing file /opt/airflow/dags/dbt_process.py for tasks to queue
[2025-01-23T10:11:36.528+0000] {logging_mixin.py:190} INFO - [2025-01-23T10:11:36.527+0000] {dagbag.py:588} INFO - Filling up the DagBag from /opt/airflow/dags/dbt_process.py
[2025-01-23T10:11:36.546+0000] {processor.py:925} INFO - DAG(s) 'elt_dbt' retrieved from /opt/airflow/dags/dbt_process.py
[2025-01-23T10:11:36.591+0000] {logging_mixin.py:190} INFO - [2025-01-23T10:11:36.591+0000] {dag.py:3239} INFO - Sync 1 DAGs
[2025-01-23T10:11:36.617+0000] {logging_mixin.py:190} INFO - [2025-01-23T10:11:36.617+0000] {dag.py:4180} INFO - Setting next_dagrun for elt_dbt to 2025-01-23 00:00:00+00:00, run_after=2025-01-24 00:00:00+00:00
[2025-01-23T10:11:36.634+0000] {processor.py:208} INFO - Processing /opt/airflow/dags/dbt_process.py took 0.126 seconds
[2025-01-23T10:12:06.925+0000] {processor.py:186} INFO - Started process (PID=19860) to work on /opt/airflow/dags/dbt_process.py
[2025-01-23T10:12:06.926+0000] {processor.py:914} INFO - Processing file /opt/airflow/dags/dbt_process.py for tasks to queue
[2025-01-23T10:12:06.927+0000] {logging_mixin.py:190} INFO - [2025-01-23T10:12:06.927+0000] {dagbag.py:588} INFO - Filling up the DagBag from /opt/airflow/dags/dbt_process.py
[2025-01-23T10:12:06.935+0000] {processor.py:925} INFO - DAG(s) 'elt_dbt' retrieved from /opt/airflow/dags/dbt_process.py
[2025-01-23T10:12:06.952+0000] {logging_mixin.py:190} INFO - [2025-01-23T10:12:06.952+0000] {dag.py:3239} INFO - Sync 1 DAGs
[2025-01-23T10:12:06.968+0000] {logging_mixin.py:190} INFO - [2025-01-23T10:12:06.968+0000] {dag.py:4180} INFO - Setting next_dagrun for elt_dbt to 2025-01-23 00:00:00+00:00, run_after=2025-01-24 00:00:00+00:00
[2025-01-23T10:12:06.979+0000] {processor.py:208} INFO - Processing /opt/airflow/dags/dbt_process.py took 0.058 seconds
[2025-01-23T10:12:37.338+0000] {processor.py:186} INFO - Started process (PID=19868) to work on /opt/airflow/dags/dbt_process.py
[2025-01-23T10:12:37.338+0000] {processor.py:914} INFO - Processing file /opt/airflow/dags/dbt_process.py for tasks to queue
[2025-01-23T10:12:37.339+0000] {logging_mixin.py:190} INFO - [2025-01-23T10:12:37.339+0000] {dagbag.py:588} INFO - Filling up the DagBag from /opt/airflow/dags/dbt_process.py
[2025-01-23T10:12:37.347+0000] {processor.py:925} INFO - DAG(s) 'elt_dbt' retrieved from /opt/airflow/dags/dbt_process.py
[2025-01-23T10:12:37.365+0000] {logging_mixin.py:190} INFO - [2025-01-23T10:12:37.365+0000] {dag.py:3239} INFO - Sync 1 DAGs
[2025-01-23T10:12:37.387+0000] {logging_mixin.py:190} INFO - [2025-01-23T10:12:37.387+0000] {dag.py:4180} INFO - Setting next_dagrun for elt_dbt to 2025-01-23 00:00:00+00:00, run_after=2025-01-24 00:00:00+00:00
[2025-01-23T10:12:37.404+0000] {processor.py:208} INFO - Processing /opt/airflow/dags/dbt_process.py took 0.073 seconds
[2025-01-23T10:13:07.761+0000] {processor.py:186} INFO - Started process (PID=19876) to work on /opt/airflow/dags/dbt_process.py
[2025-01-23T10:13:07.763+0000] {processor.py:914} INFO - Processing file /opt/airflow/dags/dbt_process.py for tasks to queue
[2025-01-23T10:13:07.766+0000] {logging_mixin.py:190} INFO - [2025-01-23T10:13:07.765+0000] {dagbag.py:588} INFO - Filling up the DagBag from /opt/airflow/dags/dbt_process.py
[2025-01-23T10:13:07.788+0000] {processor.py:925} INFO - DAG(s) 'elt_dbt' retrieved from /opt/airflow/dags/dbt_process.py
[2025-01-23T10:13:07.826+0000] {logging_mixin.py:190} INFO - [2025-01-23T10:13:07.826+0000] {dag.py:3239} INFO - Sync 1 DAGs
[2025-01-23T10:13:07.851+0000] {logging_mixin.py:190} INFO - [2025-01-23T10:13:07.850+0000] {dag.py:4180} INFO - Setting next_dagrun for elt_dbt to 2025-01-23 00:00:00+00:00, run_after=2025-01-24 00:00:00+00:00
[2025-01-23T10:13:07.865+0000] {processor.py:208} INFO - Processing /opt/airflow/dags/dbt_process.py took 0.119 seconds
[2025-01-23T10:13:38.178+0000] {processor.py:186} INFO - Started process (PID=19884) to work on /opt/airflow/dags/dbt_process.py
[2025-01-23T10:13:38.180+0000] {processor.py:914} INFO - Processing file /opt/airflow/dags/dbt_process.py for tasks to queue
[2025-01-23T10:13:38.181+0000] {logging_mixin.py:190} INFO - [2025-01-23T10:13:38.181+0000] {dagbag.py:588} INFO - Filling up the DagBag from /opt/airflow/dags/dbt_process.py
[2025-01-23T10:13:38.193+0000] {processor.py:925} INFO - DAG(s) 'elt_dbt' retrieved from /opt/airflow/dags/dbt_process.py
[2025-01-23T10:13:38.219+0000] {logging_mixin.py:190} INFO - [2025-01-23T10:13:38.219+0000] {dag.py:3239} INFO - Sync 1 DAGs
[2025-01-23T10:13:38.239+0000] {logging_mixin.py:190} INFO - [2025-01-23T10:13:38.239+0000] {dag.py:4180} INFO - Setting next_dagrun for elt_dbt to 2025-01-23 00:00:00+00:00, run_after=2025-01-24 00:00:00+00:00
[2025-01-23T10:13:38.256+0000] {processor.py:208} INFO - Processing /opt/airflow/dags/dbt_process.py took 0.083 seconds
[2025-01-23T10:14:08.683+0000] {processor.py:186} INFO - Started process (PID=19892) to work on /opt/airflow/dags/dbt_process.py
[2025-01-23T10:14:08.685+0000] {processor.py:914} INFO - Processing file /opt/airflow/dags/dbt_process.py for tasks to queue
[2025-01-23T10:14:08.687+0000] {logging_mixin.py:190} INFO - [2025-01-23T10:14:08.686+0000] {dagbag.py:588} INFO - Filling up the DagBag from /opt/airflow/dags/dbt_process.py
[2025-01-23T10:14:08.714+0000] {processor.py:925} INFO - DAG(s) 'elt_dbt' retrieved from /opt/airflow/dags/dbt_process.py
[2025-01-23T10:14:08.757+0000] {logging_mixin.py:190} INFO - [2025-01-23T10:14:08.757+0000] {dag.py:3239} INFO - Sync 1 DAGs
[2025-01-23T10:14:08.800+0000] {logging_mixin.py:190} INFO - [2025-01-23T10:14:08.800+0000] {dag.py:4180} INFO - Setting next_dagrun for elt_dbt to 2025-01-23 00:00:00+00:00, run_after=2025-01-24 00:00:00+00:00
[2025-01-23T10:14:08.819+0000] {processor.py:208} INFO - Processing /opt/airflow/dags/dbt_process.py took 0.156 seconds
[2025-01-23T10:14:39.128+0000] {processor.py:186} INFO - Started process (PID=19900) to work on /opt/airflow/dags/dbt_process.py
[2025-01-23T10:14:39.129+0000] {processor.py:914} INFO - Processing file /opt/airflow/dags/dbt_process.py for tasks to queue
[2025-01-23T10:14:39.133+0000] {logging_mixin.py:190} INFO - [2025-01-23T10:14:39.132+0000] {dagbag.py:588} INFO - Filling up the DagBag from /opt/airflow/dags/dbt_process.py
[2025-01-23T10:14:39.150+0000] {processor.py:925} INFO - DAG(s) 'elt_dbt' retrieved from /opt/airflow/dags/dbt_process.py
[2025-01-23T10:14:39.186+0000] {logging_mixin.py:190} INFO - [2025-01-23T10:14:39.185+0000] {dag.py:3239} INFO - Sync 1 DAGs
[2025-01-23T10:14:39.210+0000] {logging_mixin.py:190} INFO - [2025-01-23T10:14:39.210+0000] {dag.py:4180} INFO - Setting next_dagrun for elt_dbt to 2025-01-23 00:00:00+00:00, run_after=2025-01-24 00:00:00+00:00
[2025-01-23T10:14:39.225+0000] {processor.py:208} INFO - Processing /opt/airflow/dags/dbt_process.py took 0.112 seconds
[2025-01-23T10:15:09.592+0000] {processor.py:186} INFO - Started process (PID=19908) to work on /opt/airflow/dags/dbt_process.py
[2025-01-23T10:15:09.594+0000] {processor.py:914} INFO - Processing file /opt/airflow/dags/dbt_process.py for tasks to queue
[2025-01-23T10:15:09.595+0000] {logging_mixin.py:190} INFO - [2025-01-23T10:15:09.595+0000] {dagbag.py:588} INFO - Filling up the DagBag from /opt/airflow/dags/dbt_process.py
[2025-01-23T10:15:09.609+0000] {processor.py:925} INFO - DAG(s) 'elt_dbt' retrieved from /opt/airflow/dags/dbt_process.py
[2025-01-23T10:15:09.637+0000] {logging_mixin.py:190} INFO - [2025-01-23T10:15:09.637+0000] {dag.py:3239} INFO - Sync 1 DAGs
[2025-01-23T10:15:09.660+0000] {logging_mixin.py:190} INFO - [2025-01-23T10:15:09.660+0000] {dag.py:4180} INFO - Setting next_dagrun for elt_dbt to 2025-01-23 00:00:00+00:00, run_after=2025-01-24 00:00:00+00:00
[2025-01-23T10:15:09.675+0000] {processor.py:208} INFO - Processing /opt/airflow/dags/dbt_process.py took 0.093 seconds
[2025-01-23T10:15:40.087+0000] {processor.py:186} INFO - Started process (PID=19916) to work on /opt/airflow/dags/dbt_process.py
[2025-01-23T10:15:40.090+0000] {processor.py:914} INFO - Processing file /opt/airflow/dags/dbt_process.py for tasks to queue
[2025-01-23T10:15:40.091+0000] {logging_mixin.py:190} INFO - [2025-01-23T10:15:40.091+0000] {dagbag.py:588} INFO - Filling up the DagBag from /opt/airflow/dags/dbt_process.py
[2025-01-23T10:15:40.107+0000] {processor.py:925} INFO - DAG(s) 'elt_dbt' retrieved from /opt/airflow/dags/dbt_process.py
[2025-01-23T10:15:40.152+0000] {logging_mixin.py:190} INFO - [2025-01-23T10:15:40.152+0000] {dag.py:3239} INFO - Sync 1 DAGs
[2025-01-23T10:15:40.175+0000] {logging_mixin.py:190} INFO - [2025-01-23T10:15:40.175+0000] {dag.py:4180} INFO - Setting next_dagrun for elt_dbt to 2025-01-23 00:00:00+00:00, run_after=2025-01-24 00:00:00+00:00
[2025-01-23T10:15:40.188+0000] {processor.py:208} INFO - Processing /opt/airflow/dags/dbt_process.py took 0.126 seconds
[2025-01-23T10:16:10.490+0000] {processor.py:186} INFO - Started process (PID=19924) to work on /opt/airflow/dags/dbt_process.py
[2025-01-23T10:16:10.492+0000] {processor.py:914} INFO - Processing file /opt/airflow/dags/dbt_process.py for tasks to queue
[2025-01-23T10:16:10.494+0000] {logging_mixin.py:190} INFO - [2025-01-23T10:16:10.494+0000] {dagbag.py:588} INFO - Filling up the DagBag from /opt/airflow/dags/dbt_process.py
[2025-01-23T10:16:10.511+0000] {processor.py:925} INFO - DAG(s) 'elt_dbt' retrieved from /opt/airflow/dags/dbt_process.py
[2025-01-23T10:16:10.538+0000] {logging_mixin.py:190} INFO - [2025-01-23T10:16:10.538+0000] {dag.py:3239} INFO - Sync 1 DAGs
[2025-01-23T10:16:10.560+0000] {logging_mixin.py:190} INFO - [2025-01-23T10:16:10.560+0000] {dag.py:4180} INFO - Setting next_dagrun for elt_dbt to 2025-01-23 00:00:00+00:00, run_after=2025-01-24 00:00:00+00:00
[2025-01-23T10:16:10.575+0000] {processor.py:208} INFO - Processing /opt/airflow/dags/dbt_process.py took 0.113 seconds
[2025-01-23T10:22:03.134+0000] {processor.py:186} INFO - Started process (PID=19931) to work on /opt/airflow/dags/dbt_process.py
[2025-01-23T10:22:03.135+0000] {processor.py:914} INFO - Processing file /opt/airflow/dags/dbt_process.py for tasks to queue
[2025-01-23T10:22:03.139+0000] {logging_mixin.py:190} INFO - [2025-01-23T10:22:03.138+0000] {dagbag.py:588} INFO - Filling up the DagBag from /opt/airflow/dags/dbt_process.py
[2025-01-23T10:22:03.195+0000] {processor.py:925} INFO - DAG(s) 'elt_dbt' retrieved from /opt/airflow/dags/dbt_process.py
[2025-01-23T10:22:03.262+0000] {logging_mixin.py:190} INFO - [2025-01-23T10:22:03.262+0000] {dag.py:3239} INFO - Sync 1 DAGs
[2025-01-23T10:22:03.308+0000] {logging_mixin.py:190} INFO - [2025-01-23T10:22:03.308+0000] {dag.py:4180} INFO - Setting next_dagrun for elt_dbt to 2025-01-23 00:00:00+00:00, run_after=2025-01-24 00:00:00+00:00
[2025-01-23T10:22:03.351+0000] {processor.py:208} INFO - Processing /opt/airflow/dags/dbt_process.py took 0.235 seconds
[2025-01-23T10:22:33.700+0000] {processor.py:186} INFO - Started process (PID=19939) to work on /opt/airflow/dags/dbt_process.py
[2025-01-23T10:22:33.702+0000] {processor.py:914} INFO - Processing file /opt/airflow/dags/dbt_process.py for tasks to queue
[2025-01-23T10:22:33.705+0000] {logging_mixin.py:190} INFO - [2025-01-23T10:22:33.704+0000] {dagbag.py:588} INFO - Filling up the DagBag from /opt/airflow/dags/dbt_process.py
[2025-01-23T10:22:33.727+0000] {processor.py:925} INFO - DAG(s) 'elt_dbt' retrieved from /opt/airflow/dags/dbt_process.py
[2025-01-23T10:22:33.762+0000] {logging_mixin.py:190} INFO - [2025-01-23T10:22:33.762+0000] {dag.py:3239} INFO - Sync 1 DAGs
[2025-01-23T10:22:33.789+0000] {logging_mixin.py:190} INFO - [2025-01-23T10:22:33.789+0000] {dag.py:4180} INFO - Setting next_dagrun for elt_dbt to 2025-01-23 00:00:00+00:00, run_after=2025-01-24 00:00:00+00:00
[2025-01-23T10:22:33.806+0000] {processor.py:208} INFO - Processing /opt/airflow/dags/dbt_process.py took 0.135 seconds
[2025-01-23T10:23:04.114+0000] {processor.py:186} INFO - Started process (PID=19946) to work on /opt/airflow/dags/dbt_process.py
[2025-01-23T10:23:04.116+0000] {processor.py:914} INFO - Processing file /opt/airflow/dags/dbt_process.py for tasks to queue
[2025-01-23T10:23:04.119+0000] {logging_mixin.py:190} INFO - [2025-01-23T10:23:04.118+0000] {dagbag.py:588} INFO - Filling up the DagBag from /opt/airflow/dags/dbt_process.py
[2025-01-23T10:23:04.153+0000] {processor.py:925} INFO - DAG(s) 'elt_dbt' retrieved from /opt/airflow/dags/dbt_process.py
[2025-01-23T10:23:04.207+0000] {logging_mixin.py:190} INFO - [2025-01-23T10:23:04.206+0000] {dag.py:3239} INFO - Sync 1 DAGs
[2025-01-23T10:23:04.232+0000] {logging_mixin.py:190} INFO - [2025-01-23T10:23:04.232+0000] {dag.py:4180} INFO - Setting next_dagrun for elt_dbt to 2025-01-23 00:00:00+00:00, run_after=2025-01-24 00:00:00+00:00
[2025-01-23T10:23:04.250+0000] {processor.py:208} INFO - Processing /opt/airflow/dags/dbt_process.py took 0.179 seconds
[2025-01-23T10:23:34.478+0000] {processor.py:186} INFO - Started process (PID=19954) to work on /opt/airflow/dags/dbt_process.py
[2025-01-23T10:23:34.480+0000] {processor.py:914} INFO - Processing file /opt/airflow/dags/dbt_process.py for tasks to queue
[2025-01-23T10:23:34.484+0000] {logging_mixin.py:190} INFO - [2025-01-23T10:23:34.483+0000] {dagbag.py:588} INFO - Filling up the DagBag from /opt/airflow/dags/dbt_process.py
[2025-01-23T10:23:34.503+0000] {processor.py:925} INFO - DAG(s) 'elt_dbt' retrieved from /opt/airflow/dags/dbt_process.py
[2025-01-23T10:23:34.536+0000] {logging_mixin.py:190} INFO - [2025-01-23T10:23:34.535+0000] {dag.py:3239} INFO - Sync 1 DAGs
[2025-01-23T10:23:34.560+0000] {logging_mixin.py:190} INFO - [2025-01-23T10:23:34.560+0000] {dag.py:4180} INFO - Setting next_dagrun for elt_dbt to 2025-01-23 00:00:00+00:00, run_after=2025-01-24 00:00:00+00:00
[2025-01-23T10:23:34.578+0000] {processor.py:208} INFO - Processing /opt/airflow/dags/dbt_process.py took 0.118 seconds
[2025-01-23T10:24:04.892+0000] {processor.py:186} INFO - Started process (PID=19962) to work on /opt/airflow/dags/dbt_process.py
[2025-01-23T10:24:04.900+0000] {processor.py:914} INFO - Processing file /opt/airflow/dags/dbt_process.py for tasks to queue
[2025-01-23T10:24:04.909+0000] {logging_mixin.py:190} INFO - [2025-01-23T10:24:04.907+0000] {dagbag.py:588} INFO - Filling up the DagBag from /opt/airflow/dags/dbt_process.py
[2025-01-23T10:24:04.940+0000] {processor.py:925} INFO - DAG(s) 'elt_dbt' retrieved from /opt/airflow/dags/dbt_process.py
[2025-01-23T10:24:04.975+0000] {logging_mixin.py:190} INFO - [2025-01-23T10:24:04.975+0000] {dag.py:3239} INFO - Sync 1 DAGs
[2025-01-23T10:24:04.999+0000] {logging_mixin.py:190} INFO - [2025-01-23T10:24:04.999+0000] {dag.py:4180} INFO - Setting next_dagrun for elt_dbt to 2025-01-23 00:00:00+00:00, run_after=2025-01-24 00:00:00+00:00
[2025-01-23T10:24:05.015+0000] {processor.py:208} INFO - Processing /opt/airflow/dags/dbt_process.py took 0.155 seconds
[2025-01-23T10:24:35.162+0000] {processor.py:186} INFO - Started process (PID=19970) to work on /opt/airflow/dags/dbt_process.py
[2025-01-23T10:24:35.167+0000] {processor.py:914} INFO - Processing file /opt/airflow/dags/dbt_process.py for tasks to queue
[2025-01-23T10:24:35.170+0000] {logging_mixin.py:190} INFO - [2025-01-23T10:24:35.169+0000] {dagbag.py:588} INFO - Filling up the DagBag from /opt/airflow/dags/dbt_process.py
[2025-01-23T10:24:35.200+0000] {processor.py:925} INFO - DAG(s) 'elt_dbt' retrieved from /opt/airflow/dags/dbt_process.py
[2025-01-23T10:24:35.232+0000] {logging_mixin.py:190} INFO - [2025-01-23T10:24:35.232+0000] {dag.py:3239} INFO - Sync 1 DAGs
[2025-01-23T10:24:35.253+0000] {logging_mixin.py:190} INFO - [2025-01-23T10:24:35.253+0000] {dag.py:4180} INFO - Setting next_dagrun for elt_dbt to 2025-01-23 00:00:00+00:00, run_after=2025-01-24 00:00:00+00:00
[2025-01-23T10:24:35.268+0000] {processor.py:208} INFO - Processing /opt/airflow/dags/dbt_process.py took 0.124 seconds
[2025-01-23T10:25:05.510+0000] {processor.py:186} INFO - Started process (PID=19978) to work on /opt/airflow/dags/dbt_process.py
[2025-01-23T10:25:05.514+0000] {processor.py:914} INFO - Processing file /opt/airflow/dags/dbt_process.py for tasks to queue
[2025-01-23T10:25:05.516+0000] {logging_mixin.py:190} INFO - [2025-01-23T10:25:05.516+0000] {dagbag.py:588} INFO - Filling up the DagBag from /opt/airflow/dags/dbt_process.py
[2025-01-23T10:25:05.548+0000] {processor.py:925} INFO - DAG(s) 'elt_dbt' retrieved from /opt/airflow/dags/dbt_process.py
[2025-01-23T10:25:05.587+0000] {logging_mixin.py:190} INFO - [2025-01-23T10:25:05.587+0000] {dag.py:3239} INFO - Sync 1 DAGs
[2025-01-23T10:25:05.612+0000] {logging_mixin.py:190} INFO - [2025-01-23T10:25:05.612+0000] {dag.py:4180} INFO - Setting next_dagrun for elt_dbt to 2025-01-23 00:00:00+00:00, run_after=2025-01-24 00:00:00+00:00
[2025-01-23T10:25:05.628+0000] {processor.py:208} INFO - Processing /opt/airflow/dags/dbt_process.py took 0.146 seconds
[2025-01-23T10:25:35.941+0000] {processor.py:186} INFO - Started process (PID=19986) to work on /opt/airflow/dags/dbt_process.py
[2025-01-23T10:25:35.944+0000] {processor.py:914} INFO - Processing file /opt/airflow/dags/dbt_process.py for tasks to queue
[2025-01-23T10:25:35.946+0000] {logging_mixin.py:190} INFO - [2025-01-23T10:25:35.945+0000] {dagbag.py:588} INFO - Filling up the DagBag from /opt/airflow/dags/dbt_process.py
[2025-01-23T10:25:35.976+0000] {processor.py:925} INFO - DAG(s) 'elt_dbt' retrieved from /opt/airflow/dags/dbt_process.py
[2025-01-23T10:25:36.865+0000] {logging_mixin.py:190} INFO - [2025-01-23T10:25:36.852+0000] {dag.py:3239} INFO - Sync 1 DAGs
[2025-01-23T10:32:10.655+0000] {logging_mixin.py:190} INFO - [2025-01-23T10:32:10.654+0000] {dag.py:4180} INFO - Setting next_dagrun for elt_dbt to 2025-01-23 00:00:00+00:00, run_after=2025-01-24 00:00:00+00:00
[2025-01-23T10:32:10.757+0000] {processor.py:208} INFO - Processing /opt/airflow/dags/dbt_process.py took 1.293 seconds
[2025-01-23T10:32:40.868+0000] {processor.py:186} INFO - Started process (PID=19994) to work on /opt/airflow/dags/dbt_process.py
[2025-01-23T10:32:40.869+0000] {processor.py:914} INFO - Processing file /opt/airflow/dags/dbt_process.py for tasks to queue
[2025-01-23T10:32:40.871+0000] {logging_mixin.py:190} INFO - [2025-01-23T10:32:40.870+0000] {dagbag.py:588} INFO - Filling up the DagBag from /opt/airflow/dags/dbt_process.py
[2025-01-23T10:32:40.893+0000] {processor.py:925} INFO - DAG(s) 'elt_dbt' retrieved from /opt/airflow/dags/dbt_process.py
[2025-01-23T10:32:40.939+0000] {logging_mixin.py:190} INFO - [2025-01-23T10:32:40.939+0000] {dag.py:3239} INFO - Sync 1 DAGs
[2025-01-23T10:32:40.964+0000] {logging_mixin.py:190} INFO - [2025-01-23T10:32:40.963+0000] {dag.py:4180} INFO - Setting next_dagrun for elt_dbt to 2025-01-23 00:00:00+00:00, run_after=2025-01-24 00:00:00+00:00
[2025-01-23T10:32:40.979+0000] {processor.py:208} INFO - Processing /opt/airflow/dags/dbt_process.py took 0.126 seconds
[2025-01-23T10:33:11.328+0000] {processor.py:186} INFO - Started process (PID=20002) to work on /opt/airflow/dags/dbt_process.py
[2025-01-23T10:33:11.329+0000] {processor.py:914} INFO - Processing file /opt/airflow/dags/dbt_process.py for tasks to queue
[2025-01-23T10:33:11.332+0000] {logging_mixin.py:190} INFO - [2025-01-23T10:33:11.331+0000] {dagbag.py:588} INFO - Filling up the DagBag from /opt/airflow/dags/dbt_process.py
[2025-01-23T10:33:11.353+0000] {processor.py:925} INFO - DAG(s) 'elt_dbt' retrieved from /opt/airflow/dags/dbt_process.py
[2025-01-23T10:33:11.401+0000] {logging_mixin.py:190} INFO - [2025-01-23T10:33:11.401+0000] {dag.py:3239} INFO - Sync 1 DAGs
[2025-01-23T10:33:11.428+0000] {logging_mixin.py:190} INFO - [2025-01-23T10:33:11.428+0000] {dag.py:4180} INFO - Setting next_dagrun for elt_dbt to 2025-01-23 00:00:00+00:00, run_after=2025-01-24 00:00:00+00:00
[2025-01-23T10:33:11.446+0000] {processor.py:208} INFO - Processing /opt/airflow/dags/dbt_process.py took 0.132 seconds
[2025-01-23T10:33:41.652+0000] {processor.py:186} INFO - Started process (PID=20010) to work on /opt/airflow/dags/dbt_process.py
[2025-01-23T10:33:41.654+0000] {processor.py:914} INFO - Processing file /opt/airflow/dags/dbt_process.py for tasks to queue
[2025-01-23T10:33:41.658+0000] {logging_mixin.py:190} INFO - [2025-01-23T10:33:41.658+0000] {dagbag.py:588} INFO - Filling up the DagBag from /opt/airflow/dags/dbt_process.py
[2025-01-23T10:33:41.685+0000] {processor.py:925} INFO - DAG(s) 'elt_dbt' retrieved from /opt/airflow/dags/dbt_process.py
[2025-01-23T10:33:41.745+0000] {logging_mixin.py:190} INFO - [2025-01-23T10:33:41.745+0000] {dag.py:3239} INFO - Sync 1 DAGs
[2025-01-23T10:33:41.772+0000] {logging_mixin.py:190} INFO - [2025-01-23T10:33:41.771+0000] {dag.py:4180} INFO - Setting next_dagrun for elt_dbt to 2025-01-23 00:00:00+00:00, run_after=2025-01-24 00:00:00+00:00
[2025-01-23T10:33:41.793+0000] {processor.py:208} INFO - Processing /opt/airflow/dags/dbt_process.py took 0.166 seconds
