[2025-01-23T09:57:28.160+0000] {local_task_job_runner.py:123} INFO - ::group::Pre task execution logs
[2025-01-23T09:57:28.172+0000] {taskinstance.py:2613} INFO - Dependencies all met for dep_context=non-requeueable deps ti=<TaskInstance: elt_dbt.dbt_run scheduled__2025-01-22T00:00:00+00:00 [queued]>
[2025-01-23T09:57:28.177+0000] {taskinstance.py:2613} INFO - Dependencies all met for dep_context=requeueable deps ti=<TaskInstance: elt_dbt.dbt_run scheduled__2025-01-22T00:00:00+00:00 [queued]>
[2025-01-23T09:57:28.177+0000] {taskinstance.py:2866} INFO - Starting attempt 2 of 2
[2025-01-23T09:57:28.186+0000] {taskinstance.py:2889} INFO - Executing <Task(BashOperator): dbt_run> on 2025-01-22 00:00:00+00:00
[2025-01-23T09:57:28.190+0000] {warnings.py:112} WARNING - /home/***/.local/lib/python3.12/site-packages/***/task/task_runner/standard_task_runner.py:70: DeprecationWarning: This process (pid=7735) is multi-threaded, use of fork() may lead to deadlocks in the child.
  pid = os.fork()

[2025-01-23T09:57:28.192+0000] {standard_task_runner.py:72} INFO - Started process 7736 to run task
[2025-01-23T09:57:28.192+0000] {standard_task_runner.py:104} INFO - Running: ['***', 'tasks', 'run', 'elt_dbt', 'dbt_run', 'scheduled__2025-01-22T00:00:00+00:00', '--job-id', '9', '--raw', '--subdir', 'DAGS_FOLDER/dbt_process.py', '--cfg-path', '/tmp/tmp7brh1ggn']
[2025-01-23T09:57:28.193+0000] {standard_task_runner.py:105} INFO - Job 9: Subtask dbt_run
[2025-01-23T09:57:28.245+0000] {task_command.py:467} INFO - Running <TaskInstance: elt_dbt.dbt_run scheduled__2025-01-22T00:00:00+00:00 [running]> on host c28716311b4b
[2025-01-23T09:57:28.311+0000] {taskinstance.py:3132} INFO - Exporting env vars: AIRFLOW_CTX_DAG_OWNER='***' AIRFLOW_CTX_DAG_ID='elt_dbt' AIRFLOW_CTX_TASK_ID='dbt_run' AIRFLOW_CTX_EXECUTION_DATE='2025-01-22T00:00:00+00:00' AIRFLOW_CTX_TRY_NUMBER='2' AIRFLOW_CTX_DAG_RUN_ID='scheduled__2025-01-22T00:00:00+00:00'
[2025-01-23T09:57:28.313+0000] {taskinstance.py:731} INFO - ::endgroup::
[2025-01-23T09:57:28.315+0000] {subprocess.py:78} INFO - Tmp dir root location: /tmp
[2025-01-23T09:57:28.316+0000] {subprocess.py:88} INFO - Running command: ['/usr/bin/bash', '-c', 'cd /opt/***/include/dbt/northwind/ && dbt run --select warehouse']
[2025-01-23T09:57:28.324+0000] {subprocess.py:99} INFO - Output:
[2025-01-23T09:57:30.123+0000] {subprocess.py:106} INFO - [0m09:57:30  Running with dbt=1.8.7
[2025-01-23T09:57:30.993+0000] {subprocess.py:106} INFO - [0m09:57:30  Registered adapter: snowflake=1.8.4
[2025-01-23T09:57:31.341+0000] {subprocess.py:106} INFO - [0m09:57:31  [[33mWARNING[0m]: Configuration paths exist in your dbt_project.yml file which do not apply to any resources.
[2025-01-23T09:57:31.342+0000] {subprocess.py:106} INFO - There are 1 unused configuration paths:
[2025-01-23T09:57:31.342+0000] {subprocess.py:106} INFO - - models.northwind.example
[2025-01-23T09:57:31.434+0000] {subprocess.py:106} INFO - [0m09:57:31  Found 19 seeds, 7 models, 1 source, 459 macros
[2025-01-23T09:57:31.436+0000] {subprocess.py:106} INFO - [0m09:57:31
[2025-01-23T09:57:32.575+0000] {subprocess.py:106} INFO - [0m09:57:32  Concurrency: 200 threads (target='dev')
[2025-01-23T09:57:32.578+0000] {subprocess.py:106} INFO - [0m09:57:32
[2025-01-23T09:57:32.673+0000] {subprocess.py:106} INFO - [0m09:57:32  1 of 7 START sql view model public.dim_customer ................................ [RUN]
[2025-01-23T09:57:32.677+0000] {subprocess.py:106} INFO - [0m09:57:32  2 of 7 START sql view model public.dim_date .................................... [RUN]
[2025-01-23T09:57:32.680+0000] {subprocess.py:106} INFO - [0m09:57:32  3 of 7 START sql view model public.dim_employees ............................... [RUN]
[2025-01-23T09:57:32.699+0000] {subprocess.py:106} INFO - [0m09:57:32  4 of 7 START sql view model public.dim_products ................................ [RUN]
[2025-01-23T09:57:32.750+0000] {subprocess.py:106} INFO - [0m09:57:32  7 of 7 START sql view model public.fact_sales .................................. [RUN]
[2025-01-23T09:57:32.754+0000] {subprocess.py:106} INFO - [0m09:57:32  5 of 7 START sql view model public.fact_inventory .............................. [RUN]
[2025-01-23T09:57:32.755+0000] {subprocess.py:106} INFO - [0m09:57:32  6 of 7 START sql view model public.fact_purchase_order ......................... [RUN]
[2025-01-23T09:57:33.512+0000] {subprocess.py:106} INFO - [0m09:57:33  1 of 7 OK created sql view model public.dim_customer ........................... [[32mSUCCESS 1[0m in 0.83s]
[2025-01-23T09:57:33.586+0000] {subprocess.py:106} INFO - [0m09:57:33  7 of 7 OK created sql view model public.fact_sales ............................. [[32mSUCCESS 1[0m in 0.82s]
[2025-01-23T09:57:33.589+0000] {subprocess.py:106} INFO - [0m09:57:33  2 of 7 OK created sql view model public.dim_date ............................... [[32mSUCCESS 1[0m in 0.91s]
[2025-01-23T09:57:33.595+0000] {subprocess.py:106} INFO - [0m09:57:33  4 of 7 OK created sql view model public.dim_products ........................... [[32mSUCCESS 1[0m in 0.84s]
[2025-01-23T09:57:33.595+0000] {subprocess.py:106} INFO - [0m09:57:33  5 of 7 OK created sql view model public.fact_inventory ......................... [[32mSUCCESS 1[0m in 0.82s]
[2025-01-23T09:57:33.621+0000] {subprocess.py:106} INFO - [0m09:57:33  3 of 7 OK created sql view model public.dim_employees .......................... [[32mSUCCESS 1[0m in 0.93s]
[2025-01-23T09:57:33.669+0000] {subprocess.py:106} INFO - [0m09:57:33  6 of 7 OK created sql view model public.fact_purchase_order .................... [[32mSUCCESS 1[0m in 0.90s]
[2025-01-23T09:57:33.688+0000] {subprocess.py:106} INFO - [0m09:57:33
[2025-01-23T09:57:33.688+0000] {subprocess.py:106} INFO - [0m09:57:33  Finished running 7 view models in 0 hours 0 minutes and 2.25 seconds (2.25s).
[2025-01-23T09:57:33.718+0000] {subprocess.py:106} INFO - [0m09:57:33
[2025-01-23T09:57:33.719+0000] {subprocess.py:106} INFO - [0m09:57:33  [32mCompleted successfully[0m
[2025-01-23T09:57:33.721+0000] {subprocess.py:106} INFO - [0m09:57:33
[2025-01-23T09:57:33.723+0000] {subprocess.py:106} INFO - [0m09:57:33  Done. PASS=7 WARN=0 ERROR=0 SKIP=0 TOTAL=7
[2025-01-23T09:57:35.393+0000] {subprocess.py:110} INFO - Command exited with return code 0
[2025-01-23T09:57:35.432+0000] {taskinstance.py:340} INFO - ::group::Post task execution logs
[2025-01-23T09:57:35.433+0000] {taskinstance.py:352} INFO - Marking task as SUCCESS. dag_id=elt_dbt, task_id=dbt_run, run_id=scheduled__2025-01-22T00:00:00+00:00, execution_date=20250122T000000, start_date=20250123T095728, end_date=20250123T095735
[2025-01-23T09:57:35.483+0000] {local_task_job_runner.py:266} INFO - Task exited with return code 0
[2025-01-23T09:57:35.496+0000] {taskinstance.py:3895} INFO - 0 downstream tasks scheduled from follow-on schedule check
[2025-01-23T09:57:35.502+0000] {local_task_job_runner.py:245} INFO - ::endgroup::
